#
# A fatal error has been detected by the Java Runtime Environment:
#
#  SIGSEGV (0xb) at pc=0x00007f7247b49092, pid=59631, tid=90322
#
# JRE version: Java(TM) SE Runtime Environment (14.0.1+7) (build 14.0.1+7)
# Java VM: Java HotSpot(TM) 64-Bit Server VM (14.0.1+7, mixed mode, sharing, tiered, compressed oops, parallel gc, linux-amd64)
# Problematic frame:
# V  [libjvm.so+0xc69092]  Symbol::as_klass_external_name() const+0x12
#
# Core dump will be written. Default location: Core dumps may be processed with "/usr/share/apport/apport %p %s %c %d %P %E" (or dumping to /home/orios/java_projects/petscape/core.59631)
#
# If you would like to submit a bug report, please visit:
#   https://bugreport.java.com/bugreport/crash.jsp
#

---------------  S U M M A R Y ------------

Command Line: --add-modules=ALL-SYSTEM --add-opens=java.base/java.util=ALL-UNNAMED --add-opens=java.base/java.lang=ALL-UNNAMED -Declipse.application=org.eclipse.jdt.ls.core.id1 -Dosgi.bundles.defaultStartLevel=4 -Declipse.product=org.eclipse.jdt.ls.core.product -Dfile.encoding=utf8 -XX:+UseParallelGC -XX:GCTimeRatio=4 -XX:AdaptiveSizePolicyWeight=90 -Dsun.zip.disableMemoryMapping=true -Xmx1G -Xms100m -javaagent:/home/orios/.vscode/extensions/gabrielbb.vscode-lombok-1.0.1/server/lombok.jar /home/orios/.vscode/extensions/redhat.java-0.63.0/server/plugins/org.eclipse.equinox.launcher_1.5.700.v20200207-2156.jar -configuration /home/orios/.config/Code/User/globalStorage/redhat.java/0.63.0/config_linux -data /home/orios/.config/Code/User/workspaceStorage/0cfddc7a597e2b11a7cc667e74c4bdb6/redhat.java/jdt_ws

Host: AMD FX(tm)-6300 Six-Core Processor, 6 cores, 7G, Ubuntu 20.04 LTS
Time: Fri Jul  3 13:03:20 2020 PDT elapsed time: 10329 seconds (0d 2h 52m 9s)

---------------  T H R E A D  ---------------

Current thread (0x00007f71ac0da000):  JavaThread "ForkJoinPool.commonPool-worker-3" daemon [_thread_in_vm, id=90322, stack(0x00007f71a0cce000,0x00007f71a0dcf000)]

Stack: [0x00007f71a0cce000,0x00007f71a0dcf000],  sp=0x00007f71a0dcc440,  free space=1017k
Native frames: (J=compiled Java code, A=aot compiled Java code, j=interpreted, Vv=VM code, C=native code)
V  [libjvm.so+0xc69092]  Symbol::as_klass_external_name() const+0x12
V  [libjvm.so+0x9719e8]  Klass::external_name() const+0x48
V  [libjvm.so+0x783fd1]  InterpreterRuntime::throw_IncompatibleClassChangeErrorVerbose(JavaThread*, Klass*, Klass*)+0x91
j  org.eclipse.jdt.internal.core.NameLookup.seekTypes(Ljava/lang/String;Lorg/eclipse/jdt/core/IPackageFragment;ZILorg/eclipse/jdt/internal/core/IJavaElementRequestor;Z)V+31
J 26392 c2 org.eclipse.jdt.internal.core.NameLookup.findType(Ljava/lang/String;Ljava/lang/String;ZIZZZLorg/eclipse/core/runtime/IProgressMonitor;[Lorg/eclipse/jdt/core/IPackageFragmentRoot;)Lorg/eclipse/jdt/internal/core/NameLookup$Answer; (612 bytes) @ 0x00007f7231606a0c [0x00007f72316061a0+0x000000000000086c]
J 15921 c1 org.eclipse.jdt.internal.core.NameLookup.findType(Ljava/lang/String;ZIZZZLorg/eclipse/core/runtime/IProgressMonitor;)Lorg/eclipse/jdt/internal/core/NameLookup$Answer; (76 bytes) @ 0x00007f7228e44f9c [0x00007f7228e44960+0x000000000000063c]
J 15920 c1 org.eclipse.jdt.internal.core.JavaProject.findType(Ljava/lang/String;Lorg/eclipse/jdt/internal/core/NameLookup;ZLorg/eclipse/core/runtime/IProgressMonitor;)Lorg/eclipse/jdt/core/IType; (97 bytes) @ 0x00007f7228e45984 [0x00007f7228e45880+0x0000000000000104]
J 15920 c1 org.eclipse.jdt.internal.core.JavaProject.findType(Ljava/lang/String;Lorg/eclipse/jdt/internal/core/NameLookup;ZLorg/eclipse/core/runtime/IProgressMonitor;)Lorg/eclipse/jdt/core/IType; (97 bytes) @ 0x00007f7228e45cf4 [0x00007f7228e45880+0x0000000000000474]
J 15920 c1 org.eclipse.jdt.internal.core.JavaProject.findType(Ljava/lang/String;Lorg/eclipse/jdt/internal/core/NameLookup;ZLorg/eclipse/core/runtime/IProgressMonitor;)Lorg/eclipse/jdt/core/IType; (97 bytes) @ 0x00007f7228e45cf4 [0x00007f7228e45880+0x0000000000000474]
J 15920 c1 org.eclipse.jdt.internal.core.JavaProject.findType(Ljava/lang/String;Lorg/eclipse/jdt/internal/core/NameLookup;ZLorg/eclipse/core/runtime/IProgressMonitor;)Lorg/eclipse/jdt/core/IType; (97 bytes) @ 0x00007f7228e45cf4 [0x00007f7228e45880+0x0000000000000474]
J 15920 c1 org.eclipse.jdt.internal.core.JavaProject.findType(Ljava/lang/String;Lorg/eclipse/jdt/internal/core/NameLookup;ZLorg/eclipse/core/runtime/IProgressMonitor;)Lorg/eclipse/jdt/core/IType; (97 bytes) @ 0x00007f7228e45cf4 [0x00007f7228e45880+0x0000000000000474]
J 15920 c1 org.eclipse.jdt.internal.core.JavaProject.findType(Ljava/lang/String;Lorg/eclipse/jdt/internal/core/NameLookup;ZLorg/eclipse/core/runtime/IProgressMonitor;)Lorg/eclipse/jdt/core/IType; (97 bytes) @ 0x00007f7228e45cf4 [0x00007f7228e45880+0x0000000000000474]
J 28658 c1 org.eclipse.jdt.internal.core.util.JavaElementFinder.consumeFullyQualifiedName([C)V (40 bytes) @ 0x00007f722afb18f4 [0x00007f722afb11e0+0x0000000000000714]
J 16737 c1 org.eclipse.jdt.internal.core.util.BindingKeyParser.parseFullyQualifiedName()V (443 bytes) @ 0x00007f7228ff3974 [0x00007f7228ff1cc0+0x0000000000001cb4]
J 28646 c1 org.eclipse.jdt.internal.core.util.BindingKeyParser.parse(Z)V (347 bytes) @ 0x00007f722a4a7324 [0x00007f722a4a71e0+0x0000000000000144]
J 28656 c1 org.eclipse.jdt.internal.core.JavaProject.findElement(Ljava/lang/String;Lorg/eclipse/jdt/core/WorkingCopyOwner;)Lorg/eclipse/jdt/core/IJavaElement; (32 bytes) @ 0x00007f722a778b5c [0x00007f722a7781e0+0x000000000000097c]
j  org.springframework.tooling.jdt.ls.commons.java.JavaData.findElement(Lorg/eclipse/jdt/core/IJavaProject;Ljava/lang/String;)Lorg/eclipse/jdt/core/IJavaElement;+14
J 28654 c1 org.springframework.tooling.jdt.ls.commons.java.JavaData.findElement(Ljava/net/URI;Ljava/lang/String;Z)Lorg/eclipse/jdt/core/IJavaElement; (97 bytes) @ 0x00007f722ae6007c [0x00007f722ae5ff40+0x000000000000013c]
J 28659 c1 org.springframework.tooling.jdt.ls.commons.java.JavaData.typeData(Ljava/lang/String;Ljava/lang/String;Z)Lorg/springframework/ide/vscode/commons/protocol/java/TypeData; (52 bytes) @ 0x00007f722b5338b4 [0x00007f722b5335a0+0x0000000000000314]
J 16551 c1 org.springframework.tooling.jdt.ls.extension.JavaTypeHandler.executeCommand(Ljava/lang/String;Ljava/util/List;Lorg/eclipse/core/runtime/IProgressMonitor;)Ljava/lang/Object; (80 bytes) @ 0x00007f722936308c [0x00007f7229362660+0x0000000000000a2c]
J 30769 c2 org.eclipse.jdt.ls.core.internal.handlers.JDTLanguageServer$$Lambda$263.apply(Ljava/lang/Object;)Ljava/lang/Object; (16 bytes) @ 0x00007f7231d3627c [0x00007f7231d353c0+0x0000000000000ebc]
J 29560 c2 org.eclipse.jdt.ls.core.internal.BaseJDTLanguageServer$$Lambda$264.apply(Ljava/lang/Object;)Ljava/lang/Object; (16 bytes) @ 0x00007f7231adb434 [0x00007f7231adb340+0x00000000000000f4]
J 28927 c2 java.util.concurrent.ForkJoinPool.scan(Ljava/util/concurrent/ForkJoinPool$WorkQueue;I)Z java.base@14.0.1 (212 bytes) @ 0x00007f7230b0fc78 [0x00007f7230b0f940+0x0000000000000338]
j  java.util.concurrent.ForkJoinPool.runWorker(Ljava/util/concurrent/ForkJoinPool$WorkQueue;)V+25 java.base@14.0.1
j  java.util.concurrent.ForkJoinWorkerThread.run()V+24 java.base@14.0.1
v  ~StubRoutines::call_stub
V  [libjvm.so+0x78e54b]  JavaCalls::call_helper(JavaValue*, methodHandle const&, JavaCallArguments*, Thread*)+0x2fb
V  [libjvm.so+0x78e829]  JavaCalls::call_virtual(JavaValue*, Klass*, Symbol*, Symbol*, JavaCallArguments*, Thread*)+0x179
V  [libjvm.so+0x78e8f1]  JavaCalls::call_virtual(JavaValue*, Handle, Klass*, Symbol*, Symbol*, Thread*)+0x81
V  [libjvm.so+0x83370c]  thread_entry(JavaThread*, Thread*)+0x6c
V  [libjvm.so+0xcc2cf2]  JavaThread::thread_main_inner()+0xe2
V  [libjvm.so+0xcc750d]  Thread::call_run()+0x10d
V  [libjvm.so+0xb24ba7]  thread_native_entry(Thread*)+0xe7

Java frames: (J=compiled Java code, j=interpreted, Vv=VM code)
j  org.eclipse.jdt.internal.core.NameLookup.seekTypes(Ljava/lang/String;Lorg/eclipse/jdt/core/IPackageFragment;ZILorg/eclipse/jdt/internal/core/IJavaElementRequestor;Z)V+31
J 26392 c2 org.eclipse.jdt.internal.core.NameLookup.findType(Ljava/lang/String;Ljava/lang/String;ZIZZZLorg/eclipse/core/runtime/IProgressMonitor;[Lorg/eclipse/jdt/core/IPackageFragmentRoot;)Lorg/eclipse/jdt/internal/core/NameLookup$Answer; (612 bytes) @ 0x00007f7231606a0c [0x00007f72316061a0+0x000000000000086c]
J 15921 c1 org.eclipse.jdt.internal.core.NameLookup.findType(Ljava/lang/String;ZIZZZLorg/eclipse/core/runtime/IProgressMonitor;)Lorg/eclipse/jdt/internal/core/NameLookup$Answer; (76 bytes) @ 0x00007f7228e44f9c [0x00007f7228e44960+0x000000000000063c]
J 15920 c1 org.eclipse.jdt.internal.core.JavaProject.findType(Ljava/lang/String;Lorg/eclipse/jdt/internal/core/NameLookup;ZLorg/eclipse/core/runtime/IProgressMonitor;)Lorg/eclipse/jdt/core/IType; (97 bytes) @ 0x00007f7228e45984 [0x00007f7228e45880+0x0000000000000104]
J 15920 c1 org.eclipse.jdt.internal.core.JavaProject.findType(Ljava/lang/String;Lorg/eclipse/jdt/internal/core/NameLookup;ZLorg/eclipse/core/runtime/IProgressMonitor;)Lorg/eclipse/jdt/core/IType; (97 bytes) @ 0x00007f7228e45cf4 [0x00007f7228e45880+0x0000000000000474]
J 15920 c1 org.eclipse.jdt.internal.core.JavaProject.findType(Ljava/lang/String;Lorg/eclipse/jdt/internal/core/NameLookup;ZLorg/eclipse/core/runtime/IProgressMonitor;)Lorg/eclipse/jdt/core/IType; (97 bytes) @ 0x00007f7228e45cf4 [0x00007f7228e45880+0x0000000000000474]
J 15920 c1 org.eclipse.jdt.internal.core.JavaProject.findType(Ljava/lang/String;Lorg/eclipse/jdt/internal/core/NameLookup;ZLorg/eclipse/core/runtime/IProgressMonitor;)Lorg/eclipse/jdt/core/IType; (97 bytes) @ 0x00007f7228e45cf4 [0x00007f7228e45880+0x0000000000000474]
J 15920 c1 org.eclipse.jdt.internal.core.JavaProject.findType(Ljava/lang/String;Lorg/eclipse/jdt/internal/core/NameLookup;ZLorg/eclipse/core/runtime/IProgressMonitor;)Lorg/eclipse/jdt/core/IType; (97 bytes) @ 0x00007f7228e45cf4 [0x00007f7228e45880+0x0000000000000474]
J 15920 c1 org.eclipse.jdt.internal.core.JavaProject.findType(Ljava/lang/String;Lorg/eclipse/jdt/internal/core/NameLookup;ZLorg/eclipse/core/runtime/IProgressMonitor;)Lorg/eclipse/jdt/core/IType; (97 bytes) @ 0x00007f7228e45cf4 [0x00007f7228e45880+0x0000000000000474]
J 28658 c1 org.eclipse.jdt.internal.core.util.JavaElementFinder.consumeFullyQualifiedName([C)V (40 bytes) @ 0x00007f722afb18f4 [0x00007f722afb11e0+0x0000000000000714]
J 16737 c1 org.eclipse.jdt.internal.core.util.BindingKeyParser.parseFullyQualifiedName()V (443 bytes) @ 0x00007f7228ff3974 [0x00007f7228ff1cc0+0x0000000000001cb4]
J 28646 c1 org.eclipse.jdt.internal.core.util.BindingKeyParser.parse(Z)V (347 bytes) @ 0x00007f722a4a7324 [0x00007f722a4a71e0+0x0000000000000144]
J 28656 c1 org.eclipse.jdt.internal.core.JavaProject.findElement(Ljava/lang/String;Lorg/eclipse/jdt/core/WorkingCopyOwner;)Lorg/eclipse/jdt/core/IJavaElement; (32 bytes) @ 0x00007f722a778b5c [0x00007f722a7781e0+0x000000000000097c]
j  org.springframework.tooling.jdt.ls.commons.java.JavaData.findElement(Lorg/eclipse/jdt/core/IJavaProject;Ljava/lang/String;)Lorg/eclipse/jdt/core/IJavaElement;+14
J 28654 c1 org.springframework.tooling.jdt.ls.commons.java.JavaData.findElement(Ljava/net/URI;Ljava/lang/String;Z)Lorg/eclipse/jdt/core/IJavaElement; (97 bytes) @ 0x00007f722ae6007c [0x00007f722ae5ff40+0x000000000000013c]
J 28659 c1 org.springframework.tooling.jdt.ls.commons.java.JavaData.typeData(Ljava/lang/String;Ljava/lang/String;Z)Lorg/springframework/ide/vscode/commons/protocol/java/TypeData; (52 bytes) @ 0x00007f722b5338b4 [0x00007f722b5335a0+0x0000000000000314]
J 16551 c1 org.springframework.tooling.jdt.ls.extension.JavaTypeHandler.executeCommand(Ljava/lang/String;Ljava/util/List;Lorg/eclipse/core/runtime/IProgressMonitor;)Ljava/lang/Object; (80 bytes) @ 0x00007f722936308c [0x00007f7229362660+0x0000000000000a2c]
J 30769 c2 org.eclipse.jdt.ls.core.internal.handlers.JDTLanguageServer$$Lambda$263.apply(Ljava/lang/Object;)Ljava/lang/Object; (16 bytes) @ 0x00007f7231d3627c [0x00007f7231d353c0+0x0000000000000ebc]
J 29560 c2 org.eclipse.jdt.ls.core.internal.BaseJDTLanguageServer$$Lambda$264.apply(Ljava/lang/Object;)Ljava/lang/Object; (16 bytes) @ 0x00007f7231adb434 [0x00007f7231adb340+0x00000000000000f4]
J 28927 c2 java.util.concurrent.ForkJoinPool.scan(Ljava/util/concurrent/ForkJoinPool$WorkQueue;I)Z java.base@14.0.1 (212 bytes) @ 0x00007f7230b0fc78 [0x00007f7230b0f940+0x0000000000000338]
j  java.util.concurrent.ForkJoinPool.runWorker(Ljava/util/concurrent/ForkJoinPool$WorkQueue;)V+25 java.base@14.0.1
j  java.util.concurrent.ForkJoinWorkerThread.run()V+24 java.base@14.0.1
v  ~StubRoutines::call_stub

siginfo: si_signo: 11 (SIGSEGV), si_code: 1 (SEGV_MAPERR), si_addr: 0x0000000500000010

Register to memory mapping:

RAX=0x0 is NULL
RBX=0x0000000800fbe0b0 is pointing into metadata
RCX=0x00007f7247c9958e: <offset 0x0000000000db958e> in /usr/lib/jvm/java-14-oracle/lib/server/libjvm.so at 0x00007f7246ee0000
RDX=0x00000000c031dcb8 is pointing into object: java.lang.Class 
{0x00000000c031dc68} - klass: 'java/lang/Class'
RSP=0x00007f71a0dcc440 is pointing into the stack for thread: 0x00007f71ac0da000
RBP=0x00007f71a0dcc460 is pointing into the stack for thread: 0x00007f71ac0da000
RSI=0x0 is NULL
RDI=0x0000000500000010 is an unknown value
R8 =0x00007f7208368cf0 points into unknown readable memory: 6f 72 67 2e 65 63 6c 69
R9 =0x00007f72482ac000 points into unknown readable memory: 00 01 02 03 04 05 00 01
R10=0x00007f724803a2c0: <offset 0x000000000115a2c0> in /usr/lib/jvm/java-14-oracle/lib/server/libjvm.so at 0x00007f7246ee0000
R11=0x00007f71a0dcc9f0 is pointing into the stack for thread: 0x00007f71ac0da000
R12=0x0000000500000010 is an unknown value
R13=0x00007f72083690c8 points into unknown readable memory: f5 03 00 00 00 00 00 00
R14=0x00007f71ac055820 points into unknown readable memory: 02 00 00 00 71 7f 00 00
R15=0x00000000000003d8 is an unknown value


Registers:
RAX=0x0000000000000000, RBX=0x0000000800fbe0b0, RCX=0x00007f7247c9958e, RDX=0x00000000c031dcb8
RSP=0x00007f71a0dcc440, RBP=0x00007f71a0dcc460, RSI=0x0000000000000000, RDI=0x0000000500000010
R8 =0x00007f7208368cf0, R9 =0x00007f72482ac000, R10=0x00007f724803a2c0, R11=0x00007f71a0dcc9f0
R12=0x0000000500000010, R13=0x00007f72083690c8, R14=0x00007f71ac055820, R15=0x00000000000003d8
RIP=0x00007f7247b49092, EFLAGS=0x0000000000010202, CSGSFS=0x002b000000000033, ERR=0x0000000000000004
  TRAPNO=0x000000000000000e

Top of Stack: (sp=0x00007f71a0dcc440)
0x00007f71a0dcc440:   0000000000000008 0000000800fbe0b0
0x00007f71a0dcc450:   00007f7247c95f1b 00007f72083690c8
0x00007f71a0dcc460:   00007f71a0dcc4c0 00007f72478519e8
0x00007f71a0dcc470:   00000000ed839dc0 00000000ed839dd8 

Instructions: (pc=0x00007f7247b49092)
0x00007f7247b48f92:   7d 48 63 c9 0f b6 74 0f 06 40 88 34 0b 8d 48 09
0x00007f7247b48fa2:   39 ca 7e 6a 48 63 c9 0f b6 74 0f 06 40 88 34 0b
0x00007f7247b48fb2:   8d 48 0a 39 ca 7e 57 48 63 c9 0f b6 74 0f 06 40
0x00007f7247b48fc2:   88 34 0b 8d 48 0b 39 ca 7e 44 48 63 c9 0f b6 74
0x00007f7247b48fd2:   0f 06 40 88 34 0b 8d 48 0c 39 ca 7e 31 48 63 c9
0x00007f7247b48fe2:   0f b6 74 0f 06 40 88 34 0b 8d 48 0d 39 ca 7e 1e
0x00007f7247b48ff2:   48 63 c9 83 c0 0e 0f b6 74 0f 06 40 88 34 0b 39
0x00007f7247b49002:   c2 7e 0b 48 98 0f b6 4c 07 06 88 0c 03 90 48 63
0x00007f7247b49012:   d2 48 89 df c6 04 13 00 e8 c1 8f 5b ff 85 c0 0f
0x00007f7247b49022:   8e 39 fe ff ff 83 e8 01 48 89 da 48 8d 44 03 01
0x00007f7247b49032:   66 0f 1f 44 00 00 80 3a 2f 75 03 c6 02 2e 48 83
0x00007f7247b49042:   c2 01 48 39 c2 75 ef 48 83 c4 08 48 89 d8 5b 5d
0x00007f7247b49052:   c3 0f 1f 44 00 00 89 c1 31 c0 eb 05 66 90 48 89
0x00007f7247b49062:   f0 0f b6 74 07 06 40 88 34 03 48 8d 70 01 48 39
0x00007f7247b49072:   c8 75 eb eb 99 90 0f 1f 84 00 00 00 00 00 55 31
0x00007f7247b49082:   f6 48 89 e5 41 55 41 54 49 89 fc 53 48 83 ec 08
0x00007f7247b49092:   8b 17 c1 ea 10 4c 63 ea 41 8d 7d 01 48 63 ff e8
0x00007f7247b490a2:   fa d0 f5 ff 41 8b 14 24 48 89 c3 c1 ea 10 44 39
0x00007f7247b490b2:   ea 49 0f 4f d5 85 d2 0f 84 a9 01 00 00 49 8d 74
0x00007f7247b490c2:   24 06 48 8d 4b 10 48 39 ce 49 8d 4c 24 16 8d 42
0x00007f7247b490d2:   ff 40 0f 93 c6 48 39 cb 0f 93 c1 40 08 ce 0f 84
0x00007f7247b490e2:   ca 01 00 00 83 f8 0e 0f 86 c1 01 00 00 89 d1 31
0x00007f7247b490f2:   c0 c1 e9 04 48 c1 e1 04 66 0f 1f 44 00 00 f3 41
0x00007f7247b49102:   0f 6f 44 04 06 0f 11 04 03 48 83 c0 10 48 39 c8
0x00007f7247b49112:   75 ec 89 d0 83 e0 f0 39 c2 0f 84 47 01 00 00 89
0x00007f7247b49122:   c1 41 0f b6 74 0c 06 40 88 34 0b 8d 48 01 39 ca
0x00007f7247b49132:   0f 8e 30 01 00 00 48 63 c9 41 0f b6 74 0c 06 40
0x00007f7247b49142:   88 34 0b 8d 48 02 39 ca 0f 8e 18 01 00 00 48 63
0x00007f7247b49152:   c9 41 0f b6 74 0c 06 40 88 34 0b 8d 48 03 39 ca
0x00007f7247b49162:   0f 8e 00 01 00 00 48 63 c9 41 0f b6 74 0c 06 40
0x00007f7247b49172:   88 34 0b 8d 48 04 39 ca 0f 8e e8 00 00 00 48 63
0x00007f7247b49182:   c9 41 0f b6 74 0c 06 40 88 34 0b 8d 48 05 39 ca 


Stack slot to memory mapping:
stack at sp + 0 slots: 0x0000000000000008 is an unknown value
stack at sp + 1 slots: 0x0000000800fbe0b0 is pointing into metadata
stack at sp + 2 slots: 0x00007f7247c95f1b: <offset 0x0000000000db5f1b> in /usr/lib/jvm/java-14-oracle/lib/server/libjvm.so at 0x00007f7246ee0000
stack at sp + 3 slots: 0x00007f72083690c8 points into unknown readable memory: f5 03 00 00 00 00 00 00
stack at sp + 4 slots: 0x00007f71a0dcc4c0 is pointing into the stack for thread: 0x00007f71ac0da000
stack at sp + 5 slots: 0x00007f72478519e8: <offset 0x00000000009719e8> in /usr/lib/jvm/java-14-oracle/lib/server/libjvm.so at 0x00007f7246ee0000
stack at sp + 6 slots: 0x00000000ed839dc0 is an oop: org.eclipse.core.runtime.Path 
{0x00000000ed839dc0} - klass: 'org/eclipse/core/runtime/Path'
stack at sp + 7 slots: 0x00000000ed839dd8 is an oop: java.lang.String 
{0x00000000ed839dd8} - klass: 'java/lang/String'


---------------  P R O C E S S  ---------------

Threads class SMR info:
_java_thread_list=0x00007f7180002f40, length=38, elements={
0x00007f724002b000, 0x00007f724018b800, 0x00007f724018d800, 0x00007f7240199000,
0x00007f724019a800, 0x00007f724019c800, 0x00007f724019e800, 0x00007f72401a0800,
0x00007f72401e1800, 0x00007f72402b9800, 0x00007f7240463000, 0x00007f72404bc800,
0x00007f72404c2800, 0x00007f71e0112000, 0x00007f71e03b3800, 0x00007f7240584800,
0x00007f7240695800, 0x00007f71c42ab800, 0x00007f71b0063000, 0x00007f715c031800,
0x00007f715c036800, 0x00007f71ac0da000, 0x00007f71800c0000, 0x00007f71b8003000,
0x00007f7180004800, 0x00007f71f0003000, 0x00007f71840c7800, 0x00007f717c01d000,
0x00007f717c025000, 0x00007f717c010800, 0x00007f71b011f000, 0x00007f71b8004000,
0x00007f71ac05a000, 0x00007f71ac055000, 0x00007f71ac0dd800, 0x00007f71ac0df800,
0x00007f71b4611000, 0x00007f7180044000
}

Java Threads: ( => current thread )
  0x00007f724002b000 JavaThread "main" [_thread_blocked, id=59635, stack(0x00007f7246c77000,0x00007f7246d78000)]
  0x00007f724018b800 JavaThread "Reference Handler" daemon [_thread_blocked, id=59641, stack(0x00007f72228f0000,0x00007f72229f1000)]
  0x00007f724018d800 JavaThread "Finalizer" daemon [_thread_blocked, id=59642, stack(0x00007f72227ef000,0x00007f72228f0000)]
  0x00007f7240199000 JavaThread "Signal Dispatcher" daemon [_thread_blocked, id=59645, stack(0x00007f722190f000,0x00007f7221a10000)]
  0x00007f724019a800 JavaThread "Service Thread" daemon [_thread_blocked, id=59646, stack(0x00007f722180e000,0x00007f722190f000)]
  0x00007f724019c800 JavaThread "C2 CompilerThread0" daemon [_thread_in_native, id=59647, stack(0x00007f722170d000,0x00007f722180e000)]
  0x00007f724019e800 JavaThread "C1 CompilerThread0" daemon [_thread_blocked, id=59648, stack(0x00007f722160c000,0x00007f722170d000)]
  0x00007f72401a0800 JavaThread "Sweeper thread" daemon [_thread_blocked, id=59649, stack(0x00007f722150b000,0x00007f722160c000)]
  0x00007f72401e1800 JavaThread "Common-Cleaner" daemon [_thread_blocked, id=59651, stack(0x00007f722140a000,0x00007f722150b000)]
  0x00007f72402b9800 JavaThread "Notification Thread" daemon [_thread_blocked, id=59657, stack(0x00007f7221309000,0x00007f722140a000)]
  0x00007f7240463000 JavaThread "Active Thread: Equinox Container: 99c41447-411e-4079-978b-86edd644d400" [_thread_blocked, id=59670, stack(0x00007f7220f03000,0x00007f7221004000)]
  0x00007f72404bc800 JavaThread "Framework Event Dispatcher: Equinox Container: 99c41447-411e-4079-978b-86edd644d400" daemon [_thread_blocked, id=59673, stack(0x00007f7220e02000,0x00007f7220f03000)]
  0x00007f72404c2800 JavaThread "Start Level: Equinox Container: 99c41447-411e-4079-978b-86edd644d400" daemon [_thread_blocked, id=59674, stack(0x00007f7220d01000,0x00007f7220e02000)]
  0x00007f71e0112000 JavaThread "Worker-JM" [_thread_blocked, id=59680, stack(0x00007f72205eb000,0x00007f72206ec000)]
  0x00007f71e03b3800 JavaThread "Java indexing" daemon [_thread_blocked, id=59693, stack(0x00007f7221106000,0x00007f7221207000)]
  0x00007f7240584800 JavaThread "pool-2-thread-1" [_thread_blocked, id=59701, stack(0x00007f71c2afc000,0x00007f71c2bfd000)]
  0x00007f7240695800 JavaThread "pool-1-thread-1" [_thread_in_native, id=59702, stack(0x00007f71c27fb000,0x00007f71c28fc000)]
  0x00007f71c42ab800 JavaThread "Bundle File Closer" daemon [_thread_blocked, id=59732, stack(0x00007f71c0def000,0x00007f71c0ef0000)]
  0x00007f71b0063000 JavaThread "Java Debug Server" daemon [_thread_in_native, id=60353, stack(0x00007f71c13f3000,0x00007f71c14f4000)]
  0x00007f715c031800 JavaThread "RxSchedulerPurge-1" daemon [_thread_blocked, id=60373, stack(0x00007f71c08bc000,0x00007f71c09bd000)]
  0x00007f715c036800 JavaThread "RxCachedWorkerPoolEvictor-1" daemon [_thread_blocked, id=60374, stack(0x00007f71c05b9000,0x00007f71c06ba000)]
=>0x00007f71ac0da000 JavaThread "ForkJoinPool.commonPool-worker-3" daemon [_thread_in_vm, id=90322, stack(0x00007f71a0cce000,0x00007f71a0dcf000)]
  0x00007f71800c0000 JavaThread "Worker-52" [_thread_blocked, id=90468, stack(0x00007f71c18f8000,0x00007f71c19f9000)]
  0x00007f71b8003000 JavaThread "process reaper" daemon [_thread_in_native, id=92199, stack(0x00007f7228046000,0x00007f7228068000)]
  0x00007f7180004800 JavaThread "Worker-59" [_thread_blocked, id=92243, stack(0x00007f71a20d0000,0x00007f71a21d1000)]
  0x00007f71f0003000 JavaThread "pool-6-thread-4" [_thread_in_native, id=92266, stack(0x00007f71a21d1000,0x00007f71a22d2000)]
  0x00007f71840c7800 JavaThread "RxNewThreadScheduler-7" daemon [_thread_blocked, id=92267, stack(0x00007f71a26d6000,0x00007f71a27d7000)]
  0x00007f717c01d000 JavaThread "Thread-155" daemon [_thread_blocked, id=92269, stack(0x00007f71a24d4000,0x00007f71a25d5000)]
  0x00007f717c025000 JavaThread "Debuggee Stdout Handler" daemon [_thread_in_native, id=92270, stack(0x00007f71c0ef0000,0x00007f71c0ff1000)]
  0x00007f717c010800 JavaThread "Debuggee Stderr Handler" daemon [_thread_in_native, id=92271, stack(0x00007f72202ea000,0x00007f72203eb000)]
  0x00007f71b011f000 JavaThread "RxNewThreadScheduler-8" daemon [_thread_blocked, id=92306, stack(0x00007f71a0acc000,0x00007f71a0bcd000)]
  0x00007f71b8004000 JavaThread "process reaper" daemon [_thread_blocked, id=92601, stack(0x00007f724403e000,0x00007f7244060000)]
  0x00007f71ac05a000 JavaThread "ForkJoinPool.commonPool-worker-7" daemon [_thread_in_Java, id=93473, stack(0x00007f71c00b8000,0x00007f71c01b9000)]
  0x00007f71ac055000 JavaThread "ForkJoinPool.commonPool-worker-9" daemon [_thread_blocked, id=93474, stack(0x00007f71a25d5000,0x00007f71a26d6000)]
  0x00007f71ac0dd800 JavaThread "ForkJoinPool.commonPool-worker-11" daemon [_thread_in_Java, id=93475, stack(0x00007f71c17f7000,0x00007f71c18f8000)]
  0x00007f71ac0df800 JavaThread "ForkJoinPool.commonPool-worker-13" daemon [_thread_blocked, id=93477, stack(0x00007f71c0ff1000,0x00007f71c10f2000)]
  0x00007f71b4611000 JavaThread "Thread-173" daemon [_thread_in_native, id=93510, stack(0x00007f71a27d7000,0x00007f71a28d8000)]
  0x00007f7180044000 JavaThread "Thread-194" daemon [_thread_blocked, id=93535, stack(0x00007f71c26fa000,0x00007f71c27fb000)]

Other Threads:
  0x00007f7240188800 VMThread "VM Thread" [stack: 0x00007f72229f3000,0x00007f7222af3000] [id=59640] _threads_hazard_ptr=0x00007f7180002f40
  0x00007f72402b6000 WatcherThread [stack: 0x00007f7221209000,0x00007f7221309000] [id=59658]
  0x00007f7240042000 GCTaskThread "GC Thread#0" [stack: 0x00007f72443bf000,0x00007f72444bf000] [id=59636]
  0x00007f721c001000 GCTaskThread "GC Thread#1" [stack: 0x00007f7221006000,0x00007f7221106000] [id=59666]
  0x00007f721c006800 GCTaskThread "GC Thread#2" [stack: 0x00007f72207f0000,0x00007f72208f0000] [id=59677]
  0x00007f721c008000 GCTaskThread "GC Thread#3" [stack: 0x00007f72206ee000,0x00007f72207ee000] [id=59678]
  0x00007f721c009800 GCTaskThread "GC Thread#4" [stack: 0x00007f72200e9000,0x00007f72201e9000] [id=59689]
  0x00007f721c00a800 GCTaskThread "GC Thread#5" [stack: 0x00007f71c3f00000,0x00007f71c4000000] [id=59690]

Threads with active compile tasks:
C2 CompilerThread0  10329044 31774       4       org.eclipse.jdt.internal.compiler.parser.Parser::consumeRule (7577 bytes)

VM state:synchronizing (normal execution)

VM Mutex/Monitor currently owned by a thread:  ([mutex/lock_event])
[0x00007f7240025fd0] Threads_lock - owner thread: 0x00007f7240188800
[0x00007f7240026810] Heap_lock - owner thread: 0x00007f7180044000

Heap address: 0x00000000c0000000, size: 1024 MB, Compressed Oops mode: 32-bit
Narrow klass base: 0x0000000800000000, Narrow klass shift: 3
Compressed class space size: 1073741824 Address: 0x0000000800b11000

Heap:
 PSYoungGen      total 58368K, used 58056K [0x00000000eab00000, 0x00000000ee880000, 0x0000000100000000)
  eden space 56832K, 100% used [0x00000000eab00000,0x00000000ee280000,0x00000000ee280000)
  from space 1536K, 79% used [0x00000000ee400000,0x00000000ee532180,0x00000000ee580000)
  to   space 2048K, 0% used [0x00000000ee680000,0x00000000ee680000,0x00000000ee880000)
 ParOldGen       total 303104K, used 272349K [0x00000000c0000000, 0x00000000d2800000, 0x00000000eab00000)
  object space 303104K, 89% used [0x00000000c0000000,0x00000000d09f7710,0x00000000d2800000)
 Metaspace       used 91369K, capacity 95220K, committed 95320K, reserved 1134592K
  class space    used 8460K, capacity 9834K, committed 9856K, reserved 1048576K

Card table byte_map: [0x00007f7246829000,0x00007f7246a2a000] _byte_map_base: 0x00007f7246229000

Marking Bits: (ParMarkBitMap*) 0x00007f7248017260
 Begin Bits: [0x00007f72446d3000, 0x00007f72456d3000)
 End Bits:   [0x00007f72456d3000, 0x00007f72466d3000)

Polling page: 0x00007f72482c4000

Metaspace:

Usage:
  Non-class:     83.38 MB capacity,    80.97 MB ( 97%) used,     2.21 MB (  3%) free+waste,   210.19 KB ( <1%) overhead. 
      Class:      9.60 MB capacity,     8.26 MB ( 86%) used,     1.26 MB ( 13%) free+waste,    84.44 KB ( <1%) overhead. 
       Both:     92.99 MB capacity,    89.23 MB ( 96%) used,     3.47 MB (  4%) free+waste,   294.62 KB ( <1%) overhead. 

Virtual space:
  Non-class space:       84.00 MB reserved,      83.46 MB (>99%) committed 
      Class space:        1.00 GB reserved,       9.62 MB ( <1%) committed 
             Both:        1.08 GB reserved,      93.09 MB (  8%) committed 

Chunk freelists:
   Non-Class:  18.00 KB
       Class:  0 bytes
        Both:  18.00 KB

MaxMetaspaceSize: unlimited
CompressedClassSpaceSize: 1.00 GB

CodeHeap 'non-profiled nmethods': size=120032Kb used=27808Kb max_used=29225Kb free=92223Kb
 bounds [0x00007f72301a0000, 0x00007f7231e30000, 0x00007f72376d8000]
CodeHeap 'profiled nmethods': size=120028Kb used=44672Kb max_used=44672Kb free=75355Kb
 bounds [0x00007f7228c69000, 0x00007f722b819000, 0x00007f72301a0000]
CodeHeap 'non-nmethods': size=5700Kb used=1453Kb max_used=1527Kb free=4246Kb
 bounds [0x00007f72286d8000, 0x00007f7228948000, 0x00007f7228c69000]
 total_blobs=46385 nmethods=20369 adapters=682
 compilation: enabled
              stopped_count=0, restarted_count=0
 full_count=0

Compilation events (20 events):
Event: 10328.958 Thread 0x00007f724019e800 31825       3       org.springframework.tooling.jdt.ls.commons.classpath.ClasspathUtil::getJreContainer (63 bytes)
Event: 10328.959 Thread 0x00007f724019e800 nmethod 31825 0x00007f722b80cd10 code [0x00007f722b80cee0, 0x00007f722b80d3e0]
Event: 10328.959 Thread 0x00007f724019e800 31824   !   3       org.springframework.tooling.jdt.ls.commons.classpath.ClasspathUtil::getSystemLibraryPaths (101 bytes)
Event: 10328.961 Thread 0x00007f724019e800 nmethod 31824 0x00007f722b80d690 code [0x00007f722b80d980, 0x00007f722b80ec20]
Event: 10328.961 Thread 0x00007f724019e800 31826       3       sun.security.ssl.SSLExtension::values (10 bytes)
Event: 10328.962 Thread 0x00007f724019e800 nmethod 31826 0x00007f722a5b2b10 code [0x00007f722a5b2cc0, 0x00007f722a5b2f60]
Event: 10328.965 Thread 0x00007f724019e800 31830       3       com.sun.crypto.provider.HmacCore::engineInit (152 bytes)
Event: 10328.967 Thread 0x00007f724019e800 nmethod 31830 0x00007f722b80f610 code [0x00007f722b80f8a0, 0x00007f722b810900]
Event: 10328.967 Thread 0x00007f724019e800 31829       3       com.sun.crypto.provider.HmacCore::engineReset (20 bytes)
Event: 10328.967 Thread 0x00007f724019e800 nmethod 31829 0x00007f722b810e10 code [0x00007f722b810fc0, 0x00007f722b8112e0]
Event: 10328.967 Thread 0x00007f724019e800 31827       3       java.security.MessageDigest::digest (49 bytes)
Event: 10328.967 Thread 0x00007f724019e800 nmethod 31827 0x00007f722b811410 code [0x00007f722b8115e0, 0x00007f722b811a00]
Event: 10328.967 Thread 0x00007f724019e800 31828       3       java.security.MessageDigest$Delegate::engineDigest (11 bytes)
Event: 10328.968 Thread 0x00007f724019e800 nmethod 31828 0x00007f722b811b90 code [0x00007f722b811d20, 0x00007f722b811f00]
Event: 10328.974 Thread 0x00007f724019e800 31831   !   3       sun.nio.ch.NioSocketImpl::configureNonBlocking (63 bytes)
Event: 10328.975 Thread 0x00007f724019e800 nmethod 31831 0x00007f722b812010 code [0x00007f722b812200, 0x00007f722b812800]
Event: 10328.985 Thread 0x00007f724019e800 31832       3       com.sun.crypto.provider.AESCrypt::expandToSubKey (139 bytes)
Event: 10328.986 Thread 0x00007f724019e800 nmethod 31832 0x00007f722b812a90 code [0x00007f722b812c80, 0x00007f722b8132d0]
Event: 10328.987 Thread 0x00007f724019e800 31833       3       java.lang.System::getProperty (26 bytes)
Event: 10328.988 Thread 0x00007f724019e800 nmethod 31833 0x00007f722b813610 code [0x00007f722b813860, 0x00007f722b814220]

GC Heap History (20 events):
Event: 10328.151 GC heap before
{Heap before GC invocations=12048 (full 459):
 PSYoungGen      total 38912K, used 37412K [0x00000000eab00000, 0x00000000ed580000, 0x0000000100000000)
  eden space 36352K, 99% used [0x00000000eab00000,0x00000000ece315a0,0x00000000ece80000)
  from space 2560K, 53% used [0x00000000ece80000,0x00000000ecfd7b10,0x00000000ed100000)
  to   space 1536K, 0% used [0x00000000ed400000,0x00000000ed400000,0x00000000ed580000)
 ParOldGen       total 295936K, used 284894K [0x00000000c0000000, 0x00000000d2100000, 0x00000000eab00000)
  object space 295936K, 96% used [0x00000000c0000000,0x00000000d1637a48,0x00000000d2100000)
 Metaspace       used 91358K, capacity 95214K, committed 95320K, reserved 1134592K
  class space    used 8459K, capacity 9833K, committed 9856K, reserved 1048576K
}
Event: 10328.163 GC heap after
{Heap after GC invocations=12048 (full 459):
 PSYoungGen      total 37376K, used 1533K [0x00000000eab00000, 0x00000000edf80000, 0x0000000100000000)
  eden space 35840K, 0% used [0x00000000eab00000,0x00000000eab00000,0x00000000ece00000)
  from space 1536K, 99% used [0x00000000ed400000,0x00000000ed57f620,0x00000000ed580000)
  to   space 6144K, 0% used [0x00000000ece00000,0x00000000ece00000,0x00000000ed400000)
 ParOldGen       total 295936K, used 288726K [0x00000000c0000000, 0x00000000d2100000, 0x00000000eab00000)
  object space 295936K, 97% used [0x00000000c0000000,0x00000000d19f58d0,0x00000000d2100000)
 Metaspace       used 91358K, capacity 95214K, committed 95320K, reserved 1134592K
  class space    used 8459K, capacity 9833K, committed 9856K, reserved 1048576K
}
Event: 10328.206 GC heap before
{Heap before GC invocations=12049 (full 459):
 PSYoungGen      total 37376K, used 37373K [0x00000000eab00000, 0x00000000edf80000, 0x0000000100000000)
  eden space 35840K, 100% used [0x00000000eab00000,0x00000000ece00000,0x00000000ece00000)
  from space 1536K, 99% used [0x00000000ed400000,0x00000000ed57f620,0x00000000ed580000)
  to   space 6144K, 0% used [0x00000000ece00000,0x00000000ece00000,0x00000000ed400000)
 ParOldGen       total 295936K, used 288726K [0x00000000c0000000, 0x00000000d2100000, 0x00000000eab00000)
  object space 295936K, 97% used [0x00000000c0000000,0x00000000d19f58d0,0x00000000d2100000)
 Metaspace       used 91358K, capacity 95214K, committed 95320K, reserved 1134592K
  class space    used 8459K, capacity 9833K, committed 9856K, reserved 1048576K
}
Event: 10328.214 GC heap after
{Heap after GC invocations=12049 (full 459):
 PSYoungGen      total 41984K, used 4587K [0x00000000eab00000, 0x00000000edd00000, 0x0000000100000000)
  eden space 35840K, 0% used [0x00000000eab00000,0x00000000eab00000,0x00000000ece00000)
  from space 6144K, 74% used [0x00000000ece00000,0x00000000ed27ac70,0x00000000ed400000)
  to   space 5120K, 0% used [0x00000000ed800000,0x00000000ed800000,0x00000000edd00000)
 ParOldGen       total 295936K, used 289506K [0x00000000c0000000, 0x00000000d2100000, 0x00000000eab00000)
  object space 295936K, 97% used [0x00000000c0000000,0x00000000d1ab8ad0,0x00000000d2100000)
 Metaspace       used 91358K, capacity 95214K, committed 95320K, reserved 1134592K
  class space    used 8459K, capacity 9833K, committed 9856K, reserved 1048576K
}
Event: 10328.250 GC heap before
{Heap before GC invocations=12050 (full 459):
 PSYoungGen      total 41984K, used 38058K [0x00000000eab00000, 0x00000000edd00000, 0x0000000100000000)
  eden space 35840K, 93% used [0x00000000eab00000,0x00000000ecbafc70,0x00000000ece00000)
  from space 6144K, 74% used [0x00000000ece00000,0x00000000ed27ac70,0x00000000ed400000)
  to   space 5120K, 0% used [0x00000000ed800000,0x00000000ed800000,0x00000000edd00000)
 ParOldGen       total 295936K, used 289506K [0x00000000c0000000, 0x00000000d2100000, 0x00000000eab00000)
  object space 295936K, 97% used [0x00000000c0000000,0x00000000d1ab8ad0,0x00000000d2100000)
 Metaspace       used 91358K, capacity 95214K, committed 95320K, reserved 1134592K
  class space    used 8459K, capacity 9833K, committed 9856K, reserved 1048576K
}
Event: 10328.256 GC heap after
{Heap after GC invocations=12050 (full 459):
 PSYoungGen      total 45056K, used 3971K [0x00000000eab00000, 0x00000000edc00000, 0x0000000100000000)
  eden space 40960K, 0% used [0x00000000eab00000,0x00000000eab00000,0x00000000ed300000)
  from space 4096K, 96% used [0x00000000ed800000,0x00000000edbe0c50,0x00000000edc00000)
  to   space 4608K, 0% used [0x00000000ed300000,0x00000000ed300000,0x00000000ed780000)
 ParOldGen       total 295936K, used 290778K [0x00000000c0000000, 0x00000000d2100000, 0x00000000eab00000)
  object space 295936K, 98% used [0x00000000c0000000,0x00000000d1bf6b78,0x00000000d2100000)
 Metaspace       used 91358K, capacity 95214K, committed 95320K, reserved 1134592K
  class space    used 8459K, capacity 9833K, committed 9856K, reserved 1048576K
}
Event: 10328.304 GC heap before
{Heap before GC invocations=12051 (full 459):
 PSYoungGen      total 45056K, used 44931K [0x00000000eab00000, 0x00000000edc00000, 0x0000000100000000)
  eden space 40960K, 100% used [0x00000000eab00000,0x00000000ed300000,0x00000000ed300000)
  from space 4096K, 96% used [0x00000000ed800000,0x00000000edbe0c50,0x00000000edc00000)
  to   space 4608K, 0% used [0x00000000ed300000,0x00000000ed300000,0x00000000ed780000)
 ParOldGen       total 295936K, used 290778K [0x00000000c0000000, 0x00000000d2100000, 0x00000000eab00000)
  object space 295936K, 98% used [0x00000000c0000000,0x00000000d1bf6b78,0x00000000d2100000)
 Metaspace       used 91358K, capacity 95214K, committed 95320K, reserved 1134592K
  class space    used 8459K, capacity 9833K, committed 9856K, reserved 1048576K
}
Event: 10328.310 GC heap after
{Heap after GC invocations=12051 (full 459):
 PSYoungGen      total 45568K, used 2108K [0x00000000eab00000, 0x00000000ede80000, 0x0000000100000000)
  eden space 40960K, 0% used [0x00000000eab00000,0x00000000eab00000,0x00000000ed300000)
  from space 4608K, 45% used [0x00000000ed300000,0x00000000ed50f228,0x00000000ed780000)
  to   space 3072K, 0% used [0x00000000edb80000,0x00000000edb80000,0x00000000ede80000)
 ParOldGen       total 295936K, used 291626K [0x00000000c0000000, 0x00000000d2100000, 0x00000000eab00000)
  object space 295936K, 98% used [0x00000000c0000000,0x00000000d1cca820,0x00000000d2100000)
 Metaspace       used 91358K, capacity 95214K, committed 95320K, reserved 1134592K
  class space    used 8459K, capacity 9833K, committed 9856K, reserved 1048576K
}
Event: 10328.351 GC heap before
{Heap before GC invocations=12052 (full 459):
 PSYoungGen      total 45568K, used 40821K [0x00000000eab00000, 0x00000000ede80000, 0x0000000100000000)
  eden space 40960K, 94% used [0x00000000eab00000,0x00000000ed0ce450,0x00000000ed300000)
  from space 4608K, 45% used [0x00000000ed300000,0x00000000ed50f228,0x00000000ed780000)
  to   space 3072K, 0% used [0x00000000edb80000,0x00000000edb80000,0x00000000ede80000)
 ParOldGen       total 295936K, used 291626K [0x00000000c0000000, 0x00000000d2100000, 0x00000000eab00000)
  object space 295936K, 98% used [0x00000000c0000000,0x00000000d1cca820,0x00000000d2100000)
 Metaspace       used 91358K, capacity 95214K, committed 95320K, reserved 1134592K
  class space    used 8459K, capacity 9833K, committed 9856K, reserved 1048576K
}
Event: 10328.357 GC heap after
{Heap after GC invocations=12052 (full 459):
 PSYoungGen      total 48128K, used 1316K [0x00000000eab00000, 0x00000000edd00000, 0x0000000100000000)
  eden space 46592K, 0% used [0x00000000eab00000,0x00000000eab00000,0x00000000ed880000)
  from space 1536K, 85% used [0x00000000edb80000,0x00000000edcc9088,0x00000000edd00000)
  to   space 2048K, 0% used [0x00000000ed900000,0x00000000ed900000,0x00000000edb00000)
 ParOldGen       total 295936K, used 292673K [0x00000000c0000000, 0x00000000d2100000, 0x00000000eab00000)
  object space 295936K, 98% used [0x00000000c0000000,0x00000000d1dd0428,0x00000000d2100000)
 Metaspace       used 91358K, capacity 95214K, committed 95320K, reserved 1134592K
  class space    used 8459K, capacity 9833K, committed 9856K, reserved 1048576K
}
Event: 10328.415 GC heap before
{Heap before GC invocations=12053 (full 459):
 PSYoungGen      total 48128K, used 47908K [0x00000000eab00000, 0x00000000edd00000, 0x0000000100000000)
  eden space 46592K, 100% used [0x00000000eab00000,0x00000000ed880000,0x00000000ed880000)
  from space 1536K, 85% used [0x00000000edb80000,0x00000000edcc9088,0x00000000edd00000)
  to   space 2048K, 0% used [0x00000000ed900000,0x00000000ed900000,0x00000000edb00000)
 ParOldGen       total 295936K, used 292673K [0x00000000c0000000, 0x00000000d2100000, 0x00000000eab00000)
  object space 295936K, 98% used [0x00000000c0000000,0x00000000d1dd0428,0x00000000d2100000)
 Metaspace       used 91358K, capacity 95214K, committed 95320K, reserved 1134592K
  class space    used 8459K, capacity 9833K, committed 9856K, reserved 1048576K
}
Event: 10328.428 GC heap after
{Heap after GC invocations=12053 (full 459):
 PSYoungGen      total 49152K, used 1869K [0x00000000eab00000, 0x00000000ee300000, 0x0000000100000000)
  eden space 47104K, 0% used [0x00000000eab00000,0x00000000eab00000,0x00000000ed900000)
  from space 2048K, 91% used [0x00000000ed900000,0x00000000edad35b8,0x00000000edb00000)
  to   space 2048K, 0% used [0x00000000ee100000,0x00000000ee100000,0x00000000ee300000)
 ParOldGen       total 301056K, used 300226K [0x00000000c0000000, 0x00000000d2600000, 0x00000000eab00000)
  object space 301056K, 99% used [0x00000000c0000000,0x00000000d2530a50,0x00000000d2600000)
 Metaspace       used 91358K, capacity 95214K, committed 95320K, reserved 1134592K
  class space    used 8459K, capacity 9833K, committed 9856K, reserved 1048576K
}
Event: 10328.428 GC heap before
{Heap before GC invocations=12054 (full 460):
 PSYoungGen      total 49152K, used 1869K [0x00000000eab00000, 0x00000000ee300000, 0x0000000100000000)
  eden space 47104K, 0% used [0x00000000eab00000,0x00000000eab00000,0x00000000ed900000)
  from space 2048K, 91% used [0x00000000ed900000,0x00000000edad35b8,0x00000000edb00000)
  to   space 2048K, 0% used [0x00000000ee100000,0x00000000ee100000,0x00000000ee300000)
 ParOldGen       total 301056K, used 300226K [0x00000000c0000000, 0x00000000d2600000, 0x00000000eab00000)
  object space 301056K, 99% used [0x00000000c0000000,0x00000000d2530a50,0x00000000d2600000)
 Metaspace       used 91358K, capacity 95214K, committed 95320K, reserved 1134592K
  class space    used 8459K, capacity 9833K, committed 9856K, reserved 1048576K
}
Event: 10328.651 GC heap after
{Heap after GC invocations=12054 (full 460):
 PSYoungGen      total 54272K, used 0K [0x00000000eab00000, 0x00000000ee280000, 0x0000000100000000)
  eden space 52736K, 0% used [0x00000000eab00000,0x00000000eab00000,0x00000000ede80000)
  from space 1536K, 0% used [0x00000000ee100000,0x00000000ee100000,0x00000000ee280000)
  to   space 2048K, 0% used [0x00000000ede80000,0x00000000ede80000,0x00000000ee080000)
 ParOldGen       total 303104K, used 268155K [0x00000000c0000000, 0x00000000d2800000, 0x00000000eab00000)
  object space 303104K, 88% used [0x00000000c0000000,0x00000000d05def70,0x00000000d2800000)
 Metaspace       used 91358K, capacity 95214K, committed 95320K, reserved 1134592K
  class space    used 8459K, capacity 9833K, committed 9856K, reserved 1048576K
}
Event: 10328.715 GC heap before
{Heap before GC invocations=12055 (full 460):
 PSYoungGen      total 54272K, used 52736K [0x00000000eab00000, 0x00000000ee280000, 0x0000000100000000)
  eden space 52736K, 100% used [0x00000000eab00000,0x00000000ede80000,0x00000000ede80000)
  from space 1536K, 0% used [0x00000000ee100000,0x00000000ee100000,0x00000000ee280000)
  to   space 2048K, 0% used [0x00000000ede80000,0x00000000ede80000,0x00000000ee080000)
 ParOldGen       total 303104K, used 268155K [0x00000000c0000000, 0x00000000d2800000, 0x00000000eab00000)
  object space 303104K, 88% used [0x00000000c0000000,0x00000000d05def70,0x00000000d2800000)
 Metaspace       used 91361K, capacity 95214K, committed 95320K, reserved 1134592K
  class space    used 8459K, capacity 9833K, committed 9856K, reserved 1048576K
}
Event: 10328.722 GC heap after
{Heap after GC invocations=12055 (full 460):
 PSYoungGen      total 54784K, used 2018K [0x00000000eab00000, 0x00000000eec00000, 0x0000000100000000)
  eden space 52736K, 0% used [0x00000000eab00000,0x00000000eab00000,0x00000000ede80000)
  from space 2048K, 98% used [0x00000000ede80000,0x00000000ee078810,0x00000000ee080000)
  to   space 4096K, 0% used [0x00000000ee800000,0x00000000ee800000,0x00000000eec00000)
 ParOldGen       total 303104K, used 269776K [0x00000000c0000000, 0x00000000d2800000, 0x00000000eab00000)
  object space 303104K, 89% used [0x00000000c0000000,0x00000000d0774170,0x00000000d2800000)
 Metaspace       used 91361K, capacity 95214K, committed 95320K, reserved 1134592K
  class space    used 8459K, capacity 9833K, committed 9856K, reserved 1048576K
}
Event: 10328.812 GC heap before
{Heap before GC invocations=12056 (full 460):
 PSYoungGen      total 54784K, used 54754K [0x00000000eab00000, 0x00000000eec00000, 0x0000000100000000)
  eden space 52736K, 100% used [0x00000000eab00000,0x00000000ede80000,0x00000000ede80000)
  from space 2048K, 98% used [0x00000000ede80000,0x00000000ee078810,0x00000000ee080000)
  to   space 4096K, 0% used [0x00000000ee800000,0x00000000ee800000,0x00000000eec00000)
 ParOldGen       total 303104K, used 269776K [0x00000000c0000000, 0x00000000d2800000, 0x00000000eab00000)
  object space 303104K, 89% used [0x00000000c0000000,0x00000000d0774170,0x00000000d2800000)
 Metaspace       used 91361K, capacity 95214K, committed 95320K, reserved 1134592K
  class space    used 8459K, capacity 9833K, committed 9856K, reserved 1048576K
}
Event: 10328.819 GC heap after
{Heap after GC invocations=12056 (full 460):
 PSYoungGen      total 61440K, used 2951K [0x00000000eab00000, 0x00000000eeb00000, 0x0000000100000000)
  eden space 58368K, 0% used [0x00000000eab00000,0x00000000eab00000,0x00000000ee400000)
  from space 3072K, 96% used [0x00000000ee800000,0x00000000eeae1f10,0x00000000eeb00000)
  to   space 3584K, 0% used [0x00000000ee400000,0x00000000ee400000,0x00000000ee780000)
 ParOldGen       total 303104K, used 271285K [0x00000000c0000000, 0x00000000d2800000, 0x00000000eab00000)
  object space 303104K, 89% used [0x00000000c0000000,0x00000000d08ed710,0x00000000d2800000)
 Metaspace       used 91361K, capacity 95214K, committed 95320K, reserved 1134592K
  class space    used 8459K, capacity 9833K, committed 9856K, reserved 1048576K
}
Event: 10328.909 GC heap before
{Heap before GC invocations=12057 (full 460):
 PSYoungGen      total 61440K, used 61319K [0x00000000eab00000, 0x00000000eeb00000, 0x0000000100000000)
  eden space 58368K, 100% used [0x00000000eab00000,0x00000000ee400000,0x00000000ee400000)
  from space 3072K, 96% used [0x00000000ee800000,0x00000000eeae1f10,0x00000000eeb00000)
  to   space 3584K, 0% used [0x00000000ee400000,0x00000000ee400000,0x00000000ee780000)
 ParOldGen       total 303104K, used 271285K [0x00000000c0000000, 0x00000000d2800000, 0x00000000eab00000)
  object space 303104K, 89% used [0x00000000c0000000,0x00000000d08ed710,0x00000000d2800000)
 Metaspace       used 91361K, capacity 95214K, committed 95320K, reserved 1134592K
  class space    used 8459K, capacity 9833K, committed 9856K, reserved 1048576K
}
Event: 10328.914 GC heap after
{Heap after GC invocations=12057 (full 460):
 PSYoungGen      total 58368K, used 1224K [0x00000000eab00000, 0x00000000ee880000, 0x0000000100000000)
  eden space 56832K, 0% used [0x00000000eab00000,0x00000000eab00000,0x00000000ee280000)
  from space 1536K, 79% used [0x00000000ee400000,0x00000000ee532180,0x00000000ee580000)
  to   space 2048K, 0% used [0x00000000ee680000,0x00000000ee680000,0x00000000ee880000)
 ParOldGen       total 303104K, used 272349K [0x00000000c0000000, 0x00000000d2800000, 0x00000000eab00000)
  object space 303104K, 89% used [0x00000000c0000000,0x00000000d09f7710,0x00000000d2800000)
 Metaspace       used 91361K, capacity 95214K, committed 95320K, reserved 1134592K
  class space    used 8459K, capacity 9833K, committed 9856K, reserved 1048576K
}

Deoptimization events (20 events):
Event: 10328.965 Thread 0x00007f71ac05a000 DEOPT PACKING pc=0x00007f722b8063ac sp=0x00007f71c01b62d0
Event: 10328.965 Thread 0x00007f71b4611000 DEOPT PACKING pc=0x00007f7228dfcffb sp=0x00007f71a28d5930
Event: 10328.965 Thread 0x00007f71ac05a000 DEOPT UNPACKING pc=0x00007f722872163a sp=0x00007f71c01b5888 mode 0
Event: 10328.965 Thread 0x00007f71b4611000 DEOPT UNPACKING pc=0x00007f722872163a sp=0x00007f71a28d4e60 mode 0
Event: 10328.969 Thread 0x00007f71ac0da000 DEOPT PACKING pc=0x00007f722b8063ac sp=0x00007f71a0dcc4a0
Event: 10328.969 Thread 0x00007f71ac0da000 DEOPT UNPACKING pc=0x00007f722872163a sp=0x00007f71a0dcba58 mode 0
Event: 10328.977 Thread 0x00007f71ac05a000 DEOPT PACKING pc=0x00007f722b8063ac sp=0x00007f71c01b62d0
Event: 10328.977 Thread 0x00007f71ac05a000 DEOPT UNPACKING pc=0x00007f722872163a sp=0x00007f71c01b5888 mode 0
Event: 10328.984 Thread 0x00007f71ac05a000 DEOPT PACKING pc=0x00007f722b8063ac sp=0x00007f71c01b62d0
Event: 10328.984 Thread 0x00007f71ac05a000 DEOPT UNPACKING pc=0x00007f722872163a sp=0x00007f71c01b5888 mode 0
Event: 10328.986 Thread 0x00007f71b4611000 DEOPT PACKING pc=0x00007f72297e8d3b sp=0x00007f71a28d5a90
Event: 10328.986 Thread 0x00007f71b4611000 DEOPT UNPACKING pc=0x00007f722872163a sp=0x00007f71a28d4f48 mode 0
Event: 10328.990 Thread 0x00007f71ac0da000 DEOPT PACKING pc=0x00007f722b8063ac sp=0x00007f71a0dcc190
Event: 10328.990 Thread 0x00007f71ac0da000 DEOPT UNPACKING pc=0x00007f722872163a sp=0x00007f71a0dcb748 mode 0
Event: 10328.994 Thread 0x00007f71ac0da000 DEOPT PACKING pc=0x00007f722b8063ac sp=0x00007f71a0dcc190
Event: 10328.994 Thread 0x00007f71ac0da000 DEOPT UNPACKING pc=0x00007f722872163a sp=0x00007f71a0dcb748 mode 0
Event: 10328.994 Thread 0x00007f71ac0da000 Uncommon trap: trap_request=0xffffffc6 fr.pc=0x00007f72314e6eec relative=0x000000000000082c
Event: 10328.994 Thread 0x00007f71ac0da000 Uncommon trap: reason=bimorphic_or_optimized_type_check action=maybe_recompile pc=0x00007f72314e6eec method=org.eclipse.jdt.internal.core.NameLookup.seekTypes(Ljava/lang/String;Lorg/eclipse/jdt/core/IPackageFragment;ZILorg/eclipse/jdt/internal/core/IJavaE
Event: 10328.994 Thread 0x00007f71ac0da000 DEOPT PACKING pc=0x00007f72314e6eec sp=0x00007f71a0dcc980
Event: 10328.994 Thread 0x00007f71ac0da000 DEOPT UNPACKING pc=0x00007f7228721125 sp=0x00007f71a0dcc920 mode 2

Classes unloaded (20 events):
Event: 8832.963 Thread 0x00007f7240188800 Unloading class 0x00000008011c0440 'jdk/internal/reflect/GeneratedSerializationConstructorAccessor93'
Event: 8832.963 Thread 0x00007f7240188800 Unloading class 0x00000008011c0040 'jdk/internal/reflect/GeneratedSerializationConstructorAccessor92'
Event: 8832.963 Thread 0x00007f7240188800 Unloading class 0x00000008011a9c40 'jdk/internal/reflect/GeneratedSerializationConstructorAccessor91'
Event: 8832.963 Thread 0x00007f7240188800 Unloading class 0x00000008011a9840 'jdk/internal/reflect/GeneratedSerializationConstructorAccessor90'
Event: 8832.963 Thread 0x00007f7240188800 Unloading class 0x00000008011aa440 'jdk/internal/reflect/GeneratedSerializationConstructorAccessor89'
Event: 8832.963 Thread 0x00007f7240188800 Unloading class 0x00000008011aa040 'jdk/internal/reflect/GeneratedMethodAccessor66'
Event: 8832.963 Thread 0x00007f7240188800 Unloading class 0x00000008011aac40 'jdk/internal/reflect/GeneratedMethodAccessor65'
Event: 8832.963 Thread 0x00007f7240188800 Unloading class 0x00000008011aa840 'jdk/internal/reflect/GeneratedSerializationConstructorAccessor88'
Event: 8832.963 Thread 0x00007f7240188800 Unloading class 0x00000008011ab440 'jdk/internal/reflect/GeneratedSerializationConstructorAccessor87'
Event: 8832.963 Thread 0x00007f7240188800 Unloading class 0x00000008011ab040 'jdk/internal/reflect/GeneratedSerializationConstructorAccessor86'
Event: 8832.963 Thread 0x00007f7240188800 Unloading class 0x00000008011abc40 'jdk/internal/reflect/GeneratedSerializationConstructorAccessor85'
Event: 8832.963 Thread 0x00007f7240188800 Unloading class 0x00000008011ab840 'jdk/internal/reflect/GeneratedSerializationConstructorAccessor84'
Event: 8832.963 Thread 0x00007f7240188800 Unloading class 0x00000008011acc40 'jdk/internal/reflect/GeneratedSerializationConstructorAccessor83'
Event: 8832.963 Thread 0x00007f7240188800 Unloading class 0x00000008011ac840 'jdk/internal/reflect/GeneratedSerializationConstructorAccessor82'
Event: 8832.963 Thread 0x00007f7240188800 Unloading class 0x00000008011ae440 'jdk/internal/reflect/GeneratedSerializationConstructorAccessor81'
Event: 8832.963 Thread 0x00007f7240188800 Unloading class 0x00000008011ae040 'jdk/internal/reflect/GeneratedSerializationConstructorAccessor80'
Event: 8832.963 Thread 0x00007f7240188800 Unloading class 0x00000008011aec40 'jdk/internal/reflect/GeneratedSerializationConstructorAccessor79'
Event: 8832.963 Thread 0x00007f7240188800 Unloading class 0x00000008011ae840 'jdk/internal/reflect/GeneratedSerializationConstructorAccessor78'
Event: 8832.963 Thread 0x00007f7240188800 Unloading class 0x0000000801489440 'jdk/internal/reflect/GeneratedSerializationConstructorAccessor77'
Event: 8832.963 Thread 0x00007f7240188800 Unloading class 0x0000000801489040 'jdk/internal/reflect/GeneratedSerializationConstructorAccessor76'

Classes redefined (0 events):
No events

Internal exceptions (20 events):
Event: 9905.715 Thread 0x00007f71ac05a000 Exception <a 'java/lang/ArrayIndexOutOfBoundsException'{0x00000000eae7ab18}> (0x00000000eae7ab18) 
thrown [open/src/hotspot/share/runtime/sharedRuntime.cpp, line 584]
Event: 9905.719 Thread 0x00007f71ac05a000 Exception <a 'java/lang/ArrayIndexOutOfBoundsException'{0x00000000eaeeba90}> (0x00000000eaeeba90) 
thrown [open/src/hotspot/share/runtime/sharedRuntime.cpp, line 584]
Event: 9905.720 Thread 0x00007f71ac05a000 Exception <a 'java/lang/ArrayIndexOutOfBoundsException'{0x00000000eaf0b610}> (0x00000000eaf0b610) 
thrown [open/src/hotspot/share/runtime/sharedRuntime.cpp, line 584]
Event: 9905.726 Thread 0x00007f71ac05a000 Exception <a 'java/lang/ArrayIndexOutOfBoundsException'{0x00000000eaff23e0}> (0x00000000eaff23e0) 
thrown [open/src/hotspot/share/runtime/sharedRuntime.cpp, line 584]
Event: 9905.737 Thread 0x00007f71ac05a000 Exception <a 'java/lang/ArrayIndexOutOfBoundsException'{0x00000000eb123470}> (0x00000000eb123470) 
thrown [open/src/hotspot/share/runtime/sharedRuntime.cpp, line 584]
Event: 9905.761 Thread 0x00007f71ac05a000 Exception <a 'java/lang/ArrayIndexOutOfBoundsException'{0x00000000eab66b78}> (0x00000000eab66b78) 
thrown [open/src/hotspot/share/runtime/sharedRuntime.cpp, line 584]
Event: 9905.762 Thread 0x00007f71ac05a000 Exception <a 'java/lang/ArrayIndexOutOfBoundsException'{0x00000000eab86c00}> (0x00000000eab86c00) 
thrown [open/src/hotspot/share/runtime/sharedRuntime.cpp, line 584]
Event: 9905.764 Thread 0x00007f71ac05a000 Exception <a 'java/lang/ArrayIndexOutOfBoundsException'{0x00000000eabdbc68}> (0x00000000eabdbc68) 
thrown [open/src/hotspot/share/runtime/sharedRuntime.cpp, line 584]
Event: 9905.773 Thread 0x00007f71ac05a000 Exception <a 'java/lang/ArrayIndexOutOfBoundsException'{0x00000000eacb2e38}> (0x00000000eacb2e38) 
thrown [open/src/hotspot/share/runtime/sharedRuntime.cpp, line 584]
Event: 9905.786 Thread 0x00007f71ac05a000 Exception <a 'java/lang/ArrayIndexOutOfBoundsException'{0x00000000eadd6748}> (0x00000000eadd6748) 
thrown [open/src/hotspot/share/runtime/sharedRuntime.cpp, line 584]
Event: 9905.791 Thread 0x00007f71ac05a000 Exception <a 'java/lang/ArrayIndexOutOfBoundsException'{0x00000000eae750a0}> (0x00000000eae750a0) 
thrown [open/src/hotspot/share/runtime/sharedRuntime.cpp, line 584]
Event: 9905.792 Thread 0x00007f71ac05a000 Exception <a 'java/lang/ArrayIndexOutOfBoundsException'{0x00000000eae9d290}> (0x00000000eae9d290) 
thrown [open/src/hotspot/share/runtime/sharedRuntime.cpp, line 584]
Event: 9905.793 Thread 0x00007f71ac05a000 Exception <a 'java/lang/ArrayIndexOutOfBoundsException'{0x00000000eaec3068}> (0x00000000eaec3068) 
thrown [open/src/hotspot/share/runtime/sharedRuntime.cpp, line 584]
Event: 9905.796 Thread 0x00007f71ac05a000 Exception <a 'java/lang/ArrayIndexOutOfBoundsException'{0x00000000eaf127d0}> (0x00000000eaf127d0) 
thrown [open/src/hotspot/share/runtime/sharedRuntime.cpp, line 584]
Event: 9905.803 Thread 0x00007f71ac05a000 Exception <a 'java/lang/ArrayIndexOutOfBoundsException'{0x00000000eaf71d08}> (0x00000000eaf71d08) 
thrown [open/src/hotspot/share/runtime/sharedRuntime.cpp, line 584]
Event: 9906.211 Thread 0x00007f71ac05a000 Implicit null exception at 0x00007f7230f6c67a to 0x00007f7230f728b8
Event: 9906.441 Thread 0x00007f71ac05a000 Implicit null exception at 0x00007f7231996c1f to 0x00007f72319986c4
Event: 9906.520 Thread 0x00007f71ac05a000 Exception <a 'sun/nio/fs/UnixException'{0x00000000eac19988}> (0x00000000eac19988) 
thrown [open/src/hotspot/share/prims/jni.cpp, line 599]
Event: 10327.700 Thread 0x00007f71ac0df800 Implicit null exception at 0x00007f723164957d to 0x00007f723164a24c
Event: 10328.707 Thread 0x00007f71ac0df800 Implicit null exception at 0x00007f7230aa3f81 to 0x00007f7230aa44f0

Events (20 events):
Event: 10328.914 Executing VM operation: ParallelGCFailedAllocation done
Event: 10328.918 Thread 0x00007f71b4613000 Thread added: 0x00007f71b4613000
Event: 10328.918 Protecting memory [0x00007f71c12f2000,0x00007f71c12f6000] with protection modes 0
Event: 10328.918 Thread 0x00007f71b4613000 Thread exited: 0x00007f71b4613000
Event: 10328.945 Thread 0x00007f71b4613000 Thread added: 0x00007f71b4613000
Event: 10328.945 Protecting memory [0x00007f71c12f2000,0x00007f71c12f6000] with protection modes 0
Event: 10328.963 Thread 0x00007f71b40b8800 Thread added: 0x00007f71b40b8800
Event: 10328.963 Thread 0x00007f71b4613000 Thread exited: 0x00007f71b4613000
Event: 10328.963 Protecting memory [0x00007f71c26fa000,0x00007f71c26fe000] with protection modes 0
Event: 10328.963 Thread 0x00007f71b40b8800 Thread exited: 0x00007f71b40b8800
Event: 10328.971 Thread 0x00007f718c0b7800 Thread added: 0x00007f718c0b7800
Event: 10328.971 Protecting memory [0x00007f71c26fa000,0x00007f71c26fe000] with protection modes 0
Event: 10328.971 Executing VM operation: HandshakeOneThread
Event: 10328.972 Executing VM operation: HandshakeOneThread done
Event: 10328.972 Thread 0x00007f718c0b7800 Thread exited: 0x00007f718c0b7800
Event: 10328.975 Thread 0x00007f71c44db000 Thread added: 0x00007f71c44db000
Event: 10328.982 Protecting memory [0x00007f71c26fa000,0x00007f71c26fe000] with protection modes 0
Event: 10328.983 Thread 0x00007f71c44db000 Thread exited: 0x00007f71c44db000
Event: 10328.987 Thread 0x00007f7180044000 Thread added: 0x00007f7180044000
Event: 10328.987 Protecting memory [0x00007f71c26fa000,0x00007f71c26fe000] with protection modes 0


Dynamic libraries:
c0000000-d2800000 rw-p 00000000 00:00 0 
d2800000-eab00000 ---p 00000000 00:00 0 
eab00000-ee880000 rw-p 00000000 00:00 0 
ee880000-100000000 ---p 00000000 00:00 0 
800000000-800003000 rwxp 00001000 08:12 12714689                         /usr/lib/jvm/java-14-oracle/lib/server/classes.jsa
800003000-800b11000 rw-p 00004000 08:12 12714689                         /usr/lib/jvm/java-14-oracle/lib/server/classes.jsa
800b11000-8014b1000 rw-p 00000000 00:00 0 
8014b1000-840b11000 ---p 00000000 00:00 0 
55fb47cd7000-55fb47cd8000 r-xp 00000000 08:12 7604917                    /usr/lib/jvm/java-14-oracle/bin/java
55fb47cd9000-55fb47cda000 r--p 00001000 08:12 7604917                    /usr/lib/jvm/java-14-oracle/bin/java
55fb47cda000-55fb47cdb000 rw-p 00002000 08:12 7604917                    /usr/lib/jvm/java-14-oracle/bin/java
55fb48e8c000-55fb48ece000 rw-p 00000000 00:00 0                          [heap]
7f714c000000-7f714d0bd000 rw-p 00000000 00:00 0 
7f714d0bd000-7f7150000000 ---p 00000000 00:00 0 
7f7154000000-7f7155875000 rw-p 00000000 00:00 0 
7f7155875000-7f7158000000 ---p 00000000 00:00 0 
7f715c000000-7f715fff9000 rw-p 00000000 00:00 0 
7f715fff9000-7f7160000000 ---p 00000000 00:00 0 
7f7160000000-7f7160021000 rw-p 00000000 00:00 0 
7f7160021000-7f7164000000 ---p 00000000 00:00 0 
7f7164000000-7f7164022000 rw-p 00000000 00:00 0 
7f7164022000-7f7168000000 ---p 00000000 00:00 0 
7f7168000000-7f716811a000 rw-p 00000000 00:00 0 
7f716811a000-7f716c000000 ---p 00000000 00:00 0 
7f716c000000-7f716c021000 rw-p 00000000 00:00 0 
7f716c021000-7f7170000000 ---p 00000000 00:00 0 
7f7170000000-7f71709b4000 rw-p 00000000 00:00 0 
7f71709b4000-7f7174000000 ---p 00000000 00:00 0 
7f7174000000-7f717451e000 rw-p 00000000 00:00 0 
7f717451e000-7f7178000000 ---p 00000000 00:00 0 
7f7178000000-7f7178395000 rw-p 00000000 00:00 0 
7f7178395000-7f717c000000 ---p 00000000 00:00 0 
7f717c000000-7f717c155000 rw-p 00000000 00:00 0 
7f717c155000-7f7180000000 ---p 00000000 00:00 0 
7f7180000000-7f7181f2e000 rw-p 00000000 00:00 0 
7f7181f2e000-7f7184000000 ---p 00000000 00:00 0 
7f7184000000-7f71841fd000 rw-p 00000000 00:00 0 
7f71841fd000-7f7188000000 ---p 00000000 00:00 0 
7f7188000000-7f718a482000 rw-p 00000000 00:00 0 
7f718a482000-7f718c000000 ---p 00000000 00:00 0 
7f718c000000-7f718ffe8000 rw-p 00000000 00:00 0 
7f718ffe8000-7f7190000000 ---p 00000000 00:00 0 
7f7190000000-7f7190144000 rw-p 00000000 00:00 0 
7f7190144000-7f7194000000 ---p 00000000 00:00 0 
7f7194000000-7f7194286000 rw-p 00000000 00:00 0 
7f7194286000-7f7198000000 ---p 00000000 00:00 0 
7f7198000000-7f719823d000 rw-p 00000000 00:00 0 
7f719823d000-7f719c000000 ---p 00000000 00:00 0 
7f719c000000-7f719c2a0000 rw-p 00000000 00:00 0 
7f719c2a0000-7f71a0000000 ---p 00000000 00:00 0 
7f71a0acc000-7f71a0ad0000 ---p 00000000 00:00 0 
7f71a0ad0000-7f71a0bcd000 rw-p 00000000 00:00 0 
7f71a0bcd000-7f71a0bd1000 ---p 00000000 00:00 0 
7f71a0bd1000-7f71a0cce000 rw-p 00000000 00:00 0 
7f71a0cce000-7f71a0cd2000 ---p 00000000 00:00 0 
7f71a0cd2000-7f71a0f4f000 rw-p 00000000 00:00 0 
7f71a0f4f000-7f71a0fcf000 ---p 00000000 00:00 0 
7f71a0fcf000-7f71a11cf000 rw-p 00000000 00:00 0 
7f71a11cf000-7f71a11d3000 ---p 00000000 00:00 0 
7f71a11d3000-7f71a14d0000 rw-p 00000000 00:00 0 
7f71a14d0000-7f71a16d0000 rw-p 00000000 00:00 0 
7f71a16d0000-7f71a18d0000 rw-p 00000000 00:00 0 
7f71a18d0000-7f71a1ad0000 rw-p 00000000 00:00 0 
7f71a1ad0000-7f71a1cd0000 rw-p 00000000 00:00 0 
7f71a1cd0000-7f71a1ed0000 rw-p 00000000 00:00 0 
7f71a1ed0000-7f71a20d0000 rw-p 00000000 00:00 0 
7f71a20d0000-7f71a20d4000 ---p 00000000 00:00 0 
7f71a20d4000-7f71a21d1000 rw-p 00000000 00:00 0 
7f71a21d1000-7f71a21d5000 ---p 00000000 00:00 0 
7f71a21d5000-7f71a22d2000 rw-p 00000000 00:00 0 
7f71a22d2000-7f71a22d6000 ---p 00000000 00:00 0 
7f71a22d6000-7f71a23d3000 rw-p 00000000 00:00 0 
7f71a23d3000-7f71a23d7000 ---p 00000000 00:00 0 
7f71a23d7000-7f71a24d4000 rw-p 00000000 00:00 0 
7f71a24d4000-7f71a24d8000 ---p 00000000 00:00 0 
7f71a24d8000-7f71a25d5000 rw-p 00000000 00:00 0 
7f71a25d5000-7f71a25d9000 ---p 00000000 00:00 0 
7f71a25d9000-7f71a26d6000 rw-p 00000000 00:00 0 
7f71a26d6000-7f71a26da000 ---p 00000000 00:00 0 
7f71a26da000-7f71a27d7000 rw-p 00000000 00:00 0 
7f71a27d7000-7f71a27db000 ---p 00000000 00:00 0 
7f71a27db000-7f71a2ad8000 rw-p 00000000 00:00 0 
7f71a2ad8000-7f71a2cd8000 rw-p 00000000 00:00 0 
7f71a2cd8000-7f71a2ed8000 rw-p 00000000 00:00 0 
7f71a2ed8000-7f71a30d8000 rw-p 00000000 00:00 0 
7f71a30d8000-7f71a32d8000 rw-p 00000000 00:00 0 
7f71a32d8000-7f71a34d8000 rw-p 00000000 00:00 0 
7f71a34d8000-7f71a36d8000 rw-p 00000000 00:00 0 
7f71a36d8000-7f71ac000000 r--s 00000000 08:12 12714680                   /usr/lib/jvm/java-14-oracle/lib/modules
7f71ac000000-7f71ac15f000 rw-p 00000000 00:00 0 
7f71ac15f000-7f71b0000000 ---p 00000000 00:00 0 
7f71b0000000-7f71b04cd000 rw-p 00000000 00:00 0 
7f71b04cd000-7f71b4000000 ---p 00000000 00:00 0 
7f71b4000000-7f71b5f2f000 rw-p 00000000 00:00 0 
7f71b5f2f000-7f71b8000000 ---p 00000000 00:00 0 
7f71b8000000-7f71b8021000 rw-p 00000000 00:00 0 
7f71b8021000-7f71bc000000 ---p 00000000 00:00 0 
7f71bc000000-7f71bc0dd000 rw-p 00000000 00:00 0 
7f71bc0dd000-7f71c0000000 ---p 00000000 00:00 0 
7f71c00b8000-7f71c00bc000 ---p 00000000 00:00 0 
7f71c00bc000-7f71c03b9000 rw-p 00000000 00:00 0 
7f71c03b9000-7f71c05b9000 rw-p 00000000 00:00 0 
7f71c05b9000-7f71c05bd000 ---p 00000000 00:00 0 
7f71c05bd000-7f71c06ba000 rw-p 00000000 00:00 0 
7f71c06ba000-7f71c06be000 ---p 00000000 00:00 0 
7f71c06be000-7f71c07bb000 rw-p 00000000 00:00 0 
7f71c07bb000-7f71c07bf000 ---p 00000000 00:00 0 
7f71c07bf000-7f71c08bc000 rw-p 00000000 00:00 0 
7f71c08bc000-7f71c08c0000 ---p 00000000 00:00 0 
7f71c08c0000-7f71c0bbd000 rw-p 00000000 00:00 0 
7f71c0bbd000-7f71c0bc1000 ---p 00000000 00:00 0 
7f71c0bc1000-7f71c0cbe000 rw-p 00000000 00:00 0 
7f71c0cee000-7f71c0cf2000 ---p 00000000 00:00 0 
7f71c0cf2000-7f71c0def000 rw-p 00000000 00:00 0 
7f71c0def000-7f71c0df3000 ---p 00000000 00:00 0 
7f71c0df3000-7f71c0ef0000 rw-p 00000000 00:00 0 
7f71c0ef0000-7f71c0ef4000 ---p 00000000 00:00 0 
7f71c0ef4000-7f71c0ff1000 rw-p 00000000 00:00 0 
7f71c0ff1000-7f71c0ff5000 ---p 00000000 00:00 0 
7f71c0ff5000-7f71c12f2000 rw-p 00000000 00:00 0 
7f71c12f2000-7f71c12f6000 ---p 00000000 00:00 0 
7f71c12f6000-7f71c13f3000 rw-p 00000000 00:00 0 
7f71c13f3000-7f71c13f7000 ---p 00000000 00:00 0 
7f71c13f7000-7f71c14f4000 rw-p 00000000 00:00 0 
7f71c14f4000-7f71c14f8000 ---p 00000000 00:00 0 
7f71c14f8000-7f71c15f5000 rw-p 00000000 00:00 0 
7f71c15f5000-7f71c15f9000 ---p 00000000 00:00 0 
7f71c15f9000-7f71c16f6000 rw-p 00000000 00:00 0 
7f71c16f6000-7f71c16fa000 ---p 00000000 00:00 0 
7f71c16fa000-7f71c17f7000 rw-p 00000000 00:00 0 
7f71c17f7000-7f71c17fb000 ---p 00000000 00:00 0 
7f71c17fb000-7f71c18f8000 rw-p 00000000 00:00 0 
7f71c18f8000-7f71c18fc000 ---p 00000000 00:00 0 
7f71c18fc000-7f71c1bf9000 rw-p 00000000 00:00 0 
7f71c1bf9000-7f71c1df9000 rw-p 00000000 00:00 0 
7f71c1df9000-7f71c1ff9000 rw-p 00000000 00:00 0 
7f71c1ff9000-7f71c21f9000 rw-p 00000000 00:00 0 
7f71c21f9000-7f71c21fd000 ---p 00000000 00:00 0 
7f71c21fd000-7f71c24fa000 rw-p 00000000 00:00 0 
7f71c24fa000-7f71c26fa000 rw-p 00000000 00:00 0 
7f71c26fa000-7f71c26fe000 ---p 00000000 00:00 0 
7f71c26fe000-7f71c27fb000 rw-p 00000000 00:00 0 
7f71c27fb000-7f71c27ff000 ---p 00000000 00:00 0 
7f71c27ff000-7f71c2af2000 rw-p 00000000 00:00 0 
7f71c2af2000-7f71c2afc000 ---p 00000000 00:00 0 
7f71c2afc000-7f71c2b00000 ---p 00000000 00:00 0 
7f71c2b00000-7f71c2dfd000 rw-p 00000000 00:00 0 
7f71c2dfd000-7f71c2ffd000 rw-p 00000000 00:00 0 
7f71c2ffd000-7f71c31fd000 rw-p 00000000 00:00 0 
7f71c31fd000-7f71c33fd000 rw-p 00000000 00:00 0 
7f71c33fd000-7f71c35fd000 rw-p 00000000 00:00 0 
7f71c35fd000-7f71c3601000 ---p 00000000 00:00 0 
7f71c3601000-7f71c38fe000 rw-p 00000000 00:00 0 
7f71c38fe000-7f71c3afe000 rw-p 00000000 00:00 0 
7f71c3afe000-7f71c3cfe000 rw-p 00000000 00:00 0 
7f71c3cfe000-7f71c3efe000 rw-p 00000000 00:00 0 
7f71c3efe000-7f71c3eff000 ---p 00000000 00:00 0 
7f71c3eff000-7f71c4000000 rw-p 00000000 00:00 0 
7f71c4000000-7f71c473d000 rw-p 00000000 00:00 0 
7f71c473d000-7f71c8000000 ---p 00000000 00:00 0 
7f71c8000000-7f71c80dd000 rw-p 00000000 00:00 0 
7f71c80dd000-7f71cc000000 ---p 00000000 00:00 0 
7f71cc000000-7f71cc021000 rw-p 00000000 00:00 0 
7f71cc021000-7f71d0000000 ---p 00000000 00:00 0 
7f71d0000000-7f71d05a4000 rw-p 00000000 00:00 0 
7f71d05a4000-7f71d4000000 ---p 00000000 00:00 0 
7f71d4000000-7f71d40df000 rw-p 00000000 00:00 0 
7f71d40df000-7f71d8000000 ---p 00000000 00:00 0 
7f71d8000000-7f71d8034000 rw-p 00000000 00:00 0 
7f71d8034000-7f71dc000000 ---p 00000000 00:00 0 
7f71dc000000-7f71dc021000 rw-p 00000000 00:00 0 
7f71dc021000-7f71e0000000 ---p 00000000 00:00 0 
7f71e0000000-7f71e0d77000 rw-p 00000000 00:00 0 
7f71e0d77000-7f71e4000000 ---p 00000000 00:00 0 
7f71e4000000-7f71e4039000 rw-p 00000000 00:00 0 
7f71e4039000-7f71e8000000 ---p 00000000 00:00 0 
7f71e8000000-7f71e8117000 rw-p 00000000 00:00 0 
7f71e8117000-7f71ec000000 ---p 00000000 00:00 0 
7f71ec000000-7f71ec23b000 rw-p 00000000 00:00 0 
7f71ec23b000-7f71f0000000 ---p 00000000 00:00 0 
7f71f0000000-7f71f0021000 rw-p 00000000 00:00 0 
7f71f0021000-7f71f4000000 ---p 00000000 00:00 0 
7f71f4000000-7f71f4243000 rw-p 00000000 00:00 0 
7f71f4243000-7f71f8000000 ---p 00000000 00:00 0 
7f71f8000000-7f71f87eb000 rw-p 00000000 00:00 0 
7f71f87eb000-7f71fc000000 ---p 00000000 00:00 0 
7f71fc000000-7f71fc421000 rw-p 00000000 00:00 0 
7f71fc421000-7f7200000000 ---p 00000000 00:00 0 
7f7200000000-7f7200093000 rw-p 00000000 00:00 0 
7f7200093000-7f7204000000 ---p 00000000 00:00 0 
7f7204000000-7f7207ff9000 rw-p 00000000 00:00 0 
7f7207ff9000-7f7208000000 ---p 00000000 00:00 0 
7f7208000000-7f72096e0000 rw-p 00000000 00:00 0 
7f72096e0000-7f720c000000 ---p 00000000 00:00 0 
7f720c000000-7f720c021000 rw-p 00000000 00:00 0 
7f720c021000-7f7210000000 ---p 00000000 00:00 0 
7f7210000000-7f7210021000 rw-p 00000000 00:00 0 
7f7210021000-7f7214000000 ---p 00000000 00:00 0 
7f7214000000-7f7214021000 rw-p 00000000 00:00 0 
7f7214021000-7f7218000000 ---p 00000000 00:00 0 
7f7218000000-7f7218021000 rw-p 00000000 00:00 0 
7f7218021000-7f721c000000 ---p 00000000 00:00 0 
7f721c000000-7f721c1ee000 rw-p 00000000 00:00 0 
7f721c1ee000-7f7220000000 ---p 00000000 00:00 0 
7f72200e7000-7f72200e8000 ---p 00000000 00:00 0 
7f72200e8000-7f72201e9000 rw-p 00000000 00:00 0 
7f72201e9000-7f72201ed000 ---p 00000000 00:00 0 
7f72201ed000-7f72202ea000 rw-p 00000000 00:00 0 
7f72202ea000-7f72202ee000 ---p 00000000 00:00 0 
7f72202ee000-7f72205eb000 rw-p 00000000 00:00 0 
7f72205eb000-7f72205ef000 ---p 00000000 00:00 0 
7f72205ef000-7f72206ec000 rw-p 00000000 00:00 0 
7f72206ec000-7f72206ed000 ---p 00000000 00:00 0 
7f72206ed000-7f72207ee000 rw-p 00000000 00:00 0 
7f72207ee000-7f72207ef000 ---p 00000000 00:00 0 
7f72207ef000-7f7220af0000 rw-p 00000000 00:00 0 
7f7220af0000-7f7220b00000 r-xp 00000000 08:12 9701796                    /home/orios/.config/Code/User/globalStorage/redhat.java/0.63.0/config_linux/org.eclipse.equinox.launcher/org.eclipse.equinox.launcher.gtk.linux.x86_64_1.1.1200.v20200508-1552/eclipse_1801.so
7f7220b00000-7f7220cff000 ---p 00010000 08:12 9701796                    /home/orios/.config/Code/User/globalStorage/redhat.java/0.63.0/config_linux/org.eclipse.equinox.launcher/org.eclipse.equinox.launcher.gtk.linux.x86_64_1.1.1200.v20200508-1552/eclipse_1801.so
7f7220cff000-7f7220d00000 r--p 0000f000 08:12 9701796                    /home/orios/.config/Code/User/globalStorage/redhat.java/0.63.0/config_linux/org.eclipse.equinox.launcher/org.eclipse.equinox.launcher.gtk.linux.x86_64_1.1.1200.v20200508-1552/eclipse_1801.so
7f7220d00000-7f7220d01000 rw-p 00010000 08:12 9701796                    /home/orios/.config/Code/User/globalStorage/redhat.java/0.63.0/config_linux/org.eclipse.equinox.launcher/org.eclipse.equinox.launcher.gtk.linux.x86_64_1.1.1200.v20200508-1552/eclipse_1801.so
7f7220d01000-7f7220d05000 ---p 00000000 00:00 0 
7f7220d05000-7f7220e02000 rw-p 00000000 00:00 0 
7f7220e02000-7f7220e06000 ---p 00000000 00:00 0 
7f7220e06000-7f7220f03000 rw-p 00000000 00:00 0 
7f7220f03000-7f7220f07000 ---p 00000000 00:00 0 
7f7220f07000-7f7221004000 rw-p 00000000 00:00 0 
7f7221004000-7f7221005000 ---p 00000000 00:00 0 
7f7221005000-7f7221106000 rw-p 00000000 00:00 0 
7f7221106000-7f722110a000 ---p 00000000 00:00 0 
7f722110a000-7f7221207000 rw-p 00000000 00:00 0 
7f7221207000-7f7221208000 ---p 00000000 00:00 0 
7f7221208000-7f7221309000 rw-p 00000000 00:00 0 
7f7221309000-7f722130d000 ---p 00000000 00:00 0 
7f722130d000-7f722140a000 rw-p 00000000 00:00 0 
7f722140a000-7f722140e000 ---p 00000000 00:00 0 
7f722140e000-7f722150b000 rw-p 00000000 00:00 0 
7f722150b000-7f722150f000 ---p 00000000 00:00 0 
7f722150f000-7f722160c000 rw-p 00000000 00:00 0 
7f722160c000-7f7221610000 ---p 00000000 00:00 0 
7f7221610000-7f722170d000 rw-p 00000000 00:00 0 
7f722170d000-7f7221711000 ---p 00000000 00:00 0 
7f7221711000-7f722180e000 rw-p 00000000 00:00 0 
7f722180e000-7f7221812000 ---p 00000000 00:00 0 
7f7221812000-7f722190f000 rw-p 00000000 00:00 0 
7f722190f000-7f7221913000 ---p 00000000 00:00 0 
7f7221913000-7f7221a10000 rw-p 00000000 00:00 0 
7f7221a10000-7f72227ee000 r--p 00000000 08:12 7345909                    /usr/lib/locale/locale-archive
7f72227ef000-7f72227f3000 ---p 00000000 00:00 0 
7f72227f3000-7f72228f0000 rw-p 00000000 00:00 0 
7f72228f0000-7f72228f4000 ---p 00000000 00:00 0 
7f72228f4000-7f72229f1000 rw-p 00000000 00:00 0 
7f72229f1000-7f72229f2000 ---p 00000000 00:00 0 
7f72229f2000-7f7224000000 rw-p 00000000 00:00 0 
7f7224000000-7f722637e000 rw-p 00000000 00:00 0 
7f722637e000-7f7228000000 ---p 00000000 00:00 0 
7f7228046000-7f722804a000 ---p 00000000 00:00 0 
7f722804a000-7f7228068000 rw-p 00000000 00:00 0 
7f7228068000-7f722806c000 r--p 00000000 08:12 7347522                    /usr/lib/x86_64-linux-gnu/libresolv-2.31.so
7f722806c000-7f722807c000 r-xp 00004000 08:12 7347522                    /usr/lib/x86_64-linux-gnu/libresolv-2.31.so
7f722807c000-7f722807f000 r--p 00014000 08:12 7347522                    /usr/lib/x86_64-linux-gnu/libresolv-2.31.so
7f722807f000-7f7228080000 ---p 00017000 08:12 7347522                    /usr/lib/x86_64-linux-gnu/libresolv-2.31.so
7f7228080000-7f7228081000 r--p 00017000 08:12 7347522                    /usr/lib/x86_64-linux-gnu/libresolv-2.31.so
7f7228081000-7f7228082000 rw-p 00018000 08:12 7347522                    /usr/lib/x86_64-linux-gnu/libresolv-2.31.so
7f7228082000-7f7228084000 rw-p 00000000 00:00 0 
7f7228088000-7f72280c8000 r-xp 00000000 08:12 12714677                   /usr/lib/jvm/java-14-oracle/lib/libsunec.so
7f72280c8000-7f72280c9000 ---p 00040000 08:12 12714677                   /usr/lib/jvm/java-14-oracle/lib/libsunec.so
7f72280c9000-7f72280ce000 r--p 00040000 08:12 12714677                   /usr/lib/jvm/java-14-oracle/lib/libsunec.so
7f72280ce000-7f72280d0000 rw-p 00045000 08:12 12714677                   /usr/lib/jvm/java-14-oracle/lib/libsunec.so
7f72280d2000-7f72286d8000 rw-p 00000000 00:00 0 
7f72286d8000-7f7228948000 rwxp 00000000 00:00 0 
7f7228948000-7f7228c69000 ---p 00000000 00:00 0 
7f7228c69000-7f722b819000 rwxp 00000000 00:00 0 
7f722b819000-7f72301a0000 ---p 00000000 00:00 0 
7f72301a0000-7f7231e30000 rwxp 00000000 00:00 0 
7f7231e30000-7f72376d8000 ---p 00000000 00:00 0 
7f72376d8000-7f7240000000 r--s 00000000 08:12 12714680                   /usr/lib/jvm/java-14-oracle/lib/modules
7f7240000000-7f724069a000 rw-p 00000000 00:00 0 
7f724069a000-7f7244000000 ---p 00000000 00:00 0 
7f7244018000-7f724401a000 r-xp 00000000 08:12 12714650                   /usr/lib/jvm/java-14-oracle/lib/libextnet.so
7f724401a000-7f724401b000 r--p 00001000 08:12 12714650                   /usr/lib/jvm/java-14-oracle/lib/libextnet.so
7f724401b000-7f724401c000 rw-p 00002000 08:12 12714650                   /usr/lib/jvm/java-14-oracle/lib/libextnet.so
7f7244020000-7f7244021000 r--p 00000000 08:12 7347346                    /usr/lib/x86_64-linux-gnu/libnss_mdns4_minimal.so.2
7f7244021000-7f7244023000 r-xp 00001000 08:12 7347346                    /usr/lib/x86_64-linux-gnu/libnss_mdns4_minimal.so.2
7f7244023000-7f7244024000 r--p 00003000 08:12 7347346                    /usr/lib/x86_64-linux-gnu/libnss_mdns4_minimal.so.2
7f7244024000-7f7244025000 r--p 00003000 08:12 7347346                    /usr/lib/x86_64-linux-gnu/libnss_mdns4_minimal.so.2
7f7244025000-7f7244026000 rw-p 00004000 08:12 7347346                    /usr/lib/x86_64-linux-gnu/libnss_mdns4_minimal.so.2
7f7244030000-7f7244032000 r--p 00000000 08:12 7347338                    /usr/lib/x86_64-linux-gnu/libnss_dns-2.31.so
7f7244032000-7f7244036000 r-xp 00002000 08:12 7347338                    /usr/lib/x86_64-linux-gnu/libnss_dns-2.31.so
7f7244036000-7f7244037000 r--p 00006000 08:12 7347338                    /usr/lib/x86_64-linux-gnu/libnss_dns-2.31.so
7f7244037000-7f7244038000 r--p 00006000 08:12 7347338                    /usr/lib/x86_64-linux-gnu/libnss_dns-2.31.so
7f7244038000-7f7244039000 rw-p 00007000 08:12 7347338                    /usr/lib/x86_64-linux-gnu/libnss_dns-2.31.so
7f724403e000-7f7244042000 ---p 00000000 00:00 0 
7f7244042000-7f7244060000 rw-p 00000000 00:00 0 
7f7244060000-7f724406d000 r-xp 00000000 08:12 12714678                   /usr/lib/jvm/java-14-oracle/lib/libverify.so
7f724406d000-7f724406f000 r--p 0000c000 08:12 12714678                   /usr/lib/jvm/java-14-oracle/lib/libverify.so
7f724406f000-7f7244070000 rw-p 0000e000 08:12 12714678                   /usr/lib/jvm/java-14-oracle/lib/libverify.so
7f7244070000-7f7244085000 r-xp 00000000 08:12 12714670                   /usr/lib/jvm/java-14-oracle/lib/libnet.so
7f7244085000-7f7244086000 r--p 00014000 08:12 12714670                   /usr/lib/jvm/java-14-oracle/lib/libnet.so
7f7244086000-7f7244087000 rw-p 00015000 08:12 12714670                   /usr/lib/jvm/java-14-oracle/lib/libnet.so
7f7244088000-7f7244099000 r-xp 00000000 08:12 12714671                   /usr/lib/jvm/java-14-oracle/lib/libnio.so
7f7244099000-7f724409a000 ---p 00011000 08:12 12714671                   /usr/lib/jvm/java-14-oracle/lib/libnio.so
7f724409a000-7f724409b000 r--p 00011000 08:12 12714671                   /usr/lib/jvm/java-14-oracle/lib/libnio.so
7f724409b000-7f724409c000 rw-p 00012000 08:12 12714671                   /usr/lib/jvm/java-14-oracle/lib/libnio.so
7f724409e000-7f72443bd000 rw-p 00000000 00:00 0 
7f72443bd000-7f72443be000 ---p 00000000 00:00 0 
7f72443be000-7f7246767000 rw-p 00000000 00:00 0 
7f7246767000-7f7246829000 ---p 00000000 00:00 0 
7f7246829000-7f72468bd000 rw-p 00000000 00:00 0 
7f72468bd000-7f724697e000 ---p 00000000 00:00 0 
7f724697e000-7f724699e000 rw-p 00000000 00:00 0 
7f724699e000-7f7246a29000 ---p 00000000 00:00 0 
7f7246a29000-7f7246a64000 rw-p 00000000 00:00 0 
7f7246a64000-7f7246b15000 ---p 00000000 00:00 0 
7f7246b15000-7f7246b6d000 rw-p 00000000 00:00 0 
7f7246b6d000-7f7246c00000 ---p 00000000 00:00 0 
7f7246c00000-7f7246c03000 r--p 00000000 08:12 7347340                    /usr/lib/x86_64-linux-gnu/libnss_files-2.31.so
7f7246c03000-7f7246c0a000 r-xp 00003000 08:12 7347340                    /usr/lib/x86_64-linux-gnu/libnss_files-2.31.so
7f7246c0a000-7f7246c0c000 r--p 0000a000 08:12 7347340                    /usr/lib/x86_64-linux-gnu/libnss_files-2.31.so
7f7246c0c000-7f7246c0d000 r--p 0000b000 08:12 7347340                    /usr/lib/x86_64-linux-gnu/libnss_files-2.31.so
7f7246c0d000-7f7246c0e000 rw-p 0000c000 08:12 7347340                    /usr/lib/x86_64-linux-gnu/libnss_files-2.31.so
7f7246c0e000-7f7246c14000 rw-p 00000000 00:00 0 
7f7246c18000-7f7246c1f000 r-xp 00000000 08:12 12714679                   /usr/lib/jvm/java-14-oracle/lib/libzip.so
7f7246c1f000-7f7246c20000 r--p 00006000 08:12 12714679                   /usr/lib/jvm/java-14-oracle/lib/libzip.so
7f7246c20000-7f7246c21000 rw-p 00007000 08:12 12714679                   /usr/lib/jvm/java-14-oracle/lib/libzip.so
7f7246c28000-7f7246c30000 rw-s 00000000 08:12 7079399                    /tmp/hsperfdata_orios/59631
7f7246c30000-7f7246c54000 r-xp 00000000 08:12 12714657                   /usr/lib/jvm/java-14-oracle/lib/libjava.so
7f7246c54000-7f7246c55000 r--p 00023000 08:12 12714657                   /usr/lib/jvm/java-14-oracle/lib/libjava.so
7f7246c55000-7f7246c57000 rw-p 00024000 08:12 12714657                   /usr/lib/jvm/java-14-oracle/lib/libjava.so
7f7246c58000-7f7246c73000 r-xp 00000000 08:12 12714661                   /usr/lib/jvm/java-14-oracle/lib/libjimage.so
7f7246c73000-7f7246c75000 r--p 0001a000 08:12 12714661                   /usr/lib/jvm/java-14-oracle/lib/libjimage.so
7f7246c75000-7f7246c76000 rw-p 0001c000 08:12 12714661                   /usr/lib/jvm/java-14-oracle/lib/libjimage.so
7f7246c77000-7f7246c7b000 ---p 00000000 00:00 0 
7f7246c7b000-7f7246d78000 rw-p 00000000 00:00 0 
7f7246d78000-7f7246d87000 r--p 00000000 08:12 7347216                    /usr/lib/x86_64-linux-gnu/libm-2.31.so
7f7246d87000-7f7246e2e000 r-xp 0000f000 08:12 7347216                    /usr/lib/x86_64-linux-gnu/libm-2.31.so
7f7246e2e000-7f7246ec5000 r--p 000b6000 08:12 7347216                    /usr/lib/x86_64-linux-gnu/libm-2.31.so
7f7246ec5000-7f7246ec6000 r--p 0014c000 08:12 7347216                    /usr/lib/x86_64-linux-gnu/libm-2.31.so
7f7246ec6000-7f7246ec7000 rw-p 0014d000 08:12 7347216                    /usr/lib/x86_64-linux-gnu/libm-2.31.so
7f7246ed0000-7f7246eda000 r-xp 00000000 08:12 12714652                   /usr/lib/jvm/java-14-oracle/lib/libinstrument.so
7f7246eda000-7f7246edb000 r--p 00009000 08:12 12714652                   /usr/lib/jvm/java-14-oracle/lib/libinstrument.so
7f7246edb000-7f7246edc000 rw-p 0000a000 08:12 12714652                   /usr/lib/jvm/java-14-oracle/lib/libinstrument.so
7f7246ee0000-7f7247eef000 r-xp 00000000 08:12 12714691                   /usr/lib/jvm/java-14-oracle/lib/server/libjvm.so
7f7247eef000-7f7247ef0000 ---p 0100f000 08:12 12714691                   /usr/lib/jvm/java-14-oracle/lib/server/libjvm.so
7f7247ef0000-7f7247f94000 r--p 0100f000 08:12 12714691                   /usr/lib/jvm/java-14-oracle/lib/server/libjvm.so
7f7247f94000-7f7247fcc000 rw-p 010b3000 08:12 12714691                   /usr/lib/jvm/java-14-oracle/lib/server/libjvm.so
7f7247fcc000-7f724804d000 rw-p 00000000 00:00 0 
7f7248050000-7f7248075000 r--p 00000000 08:12 7346578                    /usr/lib/x86_64-linux-gnu/libc-2.31.so
7f7248075000-7f72481ed000 r-xp 00025000 08:12 7346578                    /usr/lib/x86_64-linux-gnu/libc-2.31.so
7f72481ed000-7f7248237000 r--p 0019d000 08:12 7346578                    /usr/lib/x86_64-linux-gnu/libc-2.31.so
7f7248237000-7f7248238000 ---p 001e7000 08:12 7346578                    /usr/lib/x86_64-linux-gnu/libc-2.31.so
7f7248238000-7f724823b000 r--p 001e7000 08:12 7346578                    /usr/lib/x86_64-linux-gnu/libc-2.31.so
7f724823b000-7f724823e000 rw-p 001ea000 08:12 7346578                    /usr/lib/x86_64-linux-gnu/libc-2.31.so
7f724823e000-7f7248242000 rw-p 00000000 00:00 0 
7f7248248000-7f7248249000 r--p 00000000 08:12 7346713                    /usr/lib/x86_64-linux-gnu/libdl-2.31.so
7f7248249000-7f724824b000 r-xp 00001000 08:12 7346713                    /usr/lib/x86_64-linux-gnu/libdl-2.31.so
7f724824b000-7f724824c000 r--p 00003000 08:12 7346713                    /usr/lib/x86_64-linux-gnu/libdl-2.31.so
7f724824c000-7f724824d000 r--p 00003000 08:12 7346713                    /usr/lib/x86_64-linux-gnu/libdl-2.31.so
7f724824d000-7f724824e000 rw-p 00004000 08:12 7346713                    /usr/lib/x86_64-linux-gnu/libdl-2.31.so
7f7248250000-7f7248257000 r--p 00000000 08:12 7347481                    /usr/lib/x86_64-linux-gnu/libpthread-2.31.so
7f7248257000-7f7248268000 r-xp 00007000 08:12 7347481                    /usr/lib/x86_64-linux-gnu/libpthread-2.31.so
7f7248268000-7f724826d000 r--p 00018000 08:12 7347481                    /usr/lib/x86_64-linux-gnu/libpthread-2.31.so
7f724826d000-7f724826e000 r--p 0001c000 08:12 7347481                    /usr/lib/x86_64-linux-gnu/libpthread-2.31.so
7f724826e000-7f724826f000 rw-p 0001d000 08:12 7347481                    /usr/lib/x86_64-linux-gnu/libpthread-2.31.so
7f724826f000-7f7248273000 rw-p 00000000 00:00 0 
7f7248278000-7f7248286000 r-xp 00000000 08:12 12714662                   /usr/lib/jvm/java-14-oracle/lib/libjli.so
7f7248286000-7f7248287000 ---p 0000e000 08:12 12714662                   /usr/lib/jvm/java-14-oracle/lib/libjli.so
7f7248287000-7f7248288000 r--p 0000e000 08:12 12714662                   /usr/lib/jvm/java-14-oracle/lib/libjli.so
7f7248288000-7f7248289000 rw-p 0000f000 08:12 12714662                   /usr/lib/jvm/java-14-oracle/lib/libjli.so
7f7248290000-7f7248292000 r--p 00000000 08:12 7347906                    /usr/lib/x86_64-linux-gnu/libz.so.1.2.11
7f7248292000-7f72482a3000 r-xp 00002000 08:12 7347906                    /usr/lib/x86_64-linux-gnu/libz.so.1.2.11
7f72482a3000-7f72482a9000 r--p 00013000 08:12 7347906                    /usr/lib/x86_64-linux-gnu/libz.so.1.2.11
7f72482a9000-7f72482aa000 ---p 00019000 08:12 7347906                    /usr/lib/x86_64-linux-gnu/libz.so.1.2.11
7f72482aa000-7f72482ab000 r--p 00019000 08:12 7347906                    /usr/lib/x86_64-linux-gnu/libz.so.1.2.11
7f72482ab000-7f72482ac000 rw-p 0001a000 08:12 7347906                    /usr/lib/x86_64-linux-gnu/libz.so.1.2.11
7f72482ac000-7f72482b1000 rw-p 00000000 00:00 0 
7f72482b1000-7f72482b8000 ---p 00000000 00:00 0 
7f72482b8000-7f72482bb000 r--p 00000000 08:12 7347542                    /usr/lib/x86_64-linux-gnu/librt-2.31.so
7f72482bb000-7f72482bf000 r-xp 00003000 08:12 7347542                    /usr/lib/x86_64-linux-gnu/librt-2.31.so
7f72482bf000-7f72482c0000 r--p 00007000 08:12 7347542                    /usr/lib/x86_64-linux-gnu/librt-2.31.so
7f72482c0000-7f72482c1000 ---p 00008000 08:12 7347542                    /usr/lib/x86_64-linux-gnu/librt-2.31.so
7f72482c1000-7f72482c2000 r--p 00008000 08:12 7347542                    /usr/lib/x86_64-linux-gnu/librt-2.31.so
7f72482c2000-7f72482c3000 rw-p 00009000 08:12 7347542                    /usr/lib/x86_64-linux-gnu/librt-2.31.so
7f72482c4000-7f72482c5000 ---p 00000000 00:00 0 
7f72482c5000-7f72482c6000 r--p 00000000 00:00 0 
7f72482c6000-7f72482c8000 rw-p 00000000 00:00 0 
7f72482c8000-7f72482c9000 r--p 00000000 08:12 7346365                    /usr/lib/x86_64-linux-gnu/ld-2.31.so
7f72482c9000-7f72482ec000 r-xp 00001000 08:12 7346365                    /usr/lib/x86_64-linux-gnu/ld-2.31.so
7f72482ec000-7f72482f4000 r--p 00024000 08:12 7346365                    /usr/lib/x86_64-linux-gnu/ld-2.31.so
7f72482f4000-7f72482f5000 ---p 00000000 00:00 0 
7f72482f5000-7f72482f6000 r--p 0002c000 08:12 7346365                    /usr/lib/x86_64-linux-gnu/ld-2.31.so
7f72482f6000-7f72482f7000 rw-p 0002d000 08:12 7346365                    /usr/lib/x86_64-linux-gnu/ld-2.31.so
7f72482f7000-7f72482fa000 rw-p 00000000 00:00 0 
7fffe736b000-7fffe738d000 rw-p 00000000 00:00 0                          [stack]
7fffe73f0000-7fffe73f3000 r--p 00000000 00:00 0                          [vvar]
7fffe73f3000-7fffe73f4000 r-xp 00000000 00:00 0                          [vdso]
ffffffffff600000-ffffffffff601000 --xp 00000000 00:00 0                  [vsyscall]


VM Arguments:
jvm_args: --add-modules=ALL-SYSTEM --add-opens=java.base/java.util=ALL-UNNAMED --add-opens=java.base/java.lang=ALL-UNNAMED -Declipse.application=org.eclipse.jdt.ls.core.id1 -Dosgi.bundles.defaultStartLevel=4 -Declipse.product=org.eclipse.jdt.ls.core.product -Dfile.encoding=utf8 -XX:+UseParallelGC -XX:GCTimeRatio=4 -XX:AdaptiveSizePolicyWeight=90 -Dsun.zip.disableMemoryMapping=true -Xmx1G -Xms100m -javaagent:/home/orios/.vscode/extensions/gabrielbb.vscode-lombok-1.0.1/server/lombok.jar 
java_command: /home/orios/.vscode/extensions/redhat.java-0.63.0/server/plugins/org.eclipse.equinox.launcher_1.5.700.v20200207-2156.jar -configuration /home/orios/.config/Code/User/globalStorage/redhat.java/0.63.0/config_linux -data /home/orios/.config/Code/User/workspaceStorage/0cfddc7a597e2b11a7cc667e74c4bdb6/redhat.java/jdt_ws
java_class_path (initial): /home/orios/.vscode/extensions/redhat.java-0.63.0/server/plugins/org.eclipse.equinox.launcher_1.5.700.v20200207-2156.jar
Launcher Type: SUN_STANDARD

[Global flags]
    uintx AdaptiveSizePolicyWeight                 = 90                                        {product} {command line}
     intx CICompilerCount                          = 3                                         {product} {ergonomic}
    uintx GCTimeRatio                              = 4                                         {product} {command line}
   size_t InitialHeapSize                          = 104857600                                 {product} {command line}
   size_t MaxHeapSize                              = 1073741824                                {product} {command line}
   size_t MaxNewSize                               = 357564416                                 {product} {ergonomic}
   size_t MinHeapDeltaBytes                        = 524288                                    {product} {ergonomic}
   size_t MinHeapSize                              = 104857600                                 {product} {command line}
   size_t NewSize                                  = 34603008                                  {product} {ergonomic}
    uintx NonNMethodCodeHeapSize                   = 5832780                                {pd product} {ergonomic}
    uintx NonProfiledCodeHeapSize                  = 122912730                              {pd product} {ergonomic}
   size_t OldSize                                  = 70254592                                  {product} {ergonomic}
    uintx ProfiledCodeHeapSize                     = 122912730                              {pd product} {ergonomic}
    uintx ReservedCodeCacheSize                    = 251658240                              {pd product} {ergonomic}
     bool SegmentedCodeCache                       = true                                      {product} {ergonomic}
   size_t SoftMaxHeapSize                          = 1073741824                             {manageable} {ergonomic}
     bool UseCompressedClassPointers               = true                                 {lp64_product} {ergonomic}
     bool UseCompressedOops                        = true                                 {lp64_product} {ergonomic}
     bool UseParallelGC                            = true                                      {product} {command line}

Logging:
Log output configuration:
 #0: stdout all=warning uptime,level,tags
 #1: stderr all=off uptime,level,tags

Environment Variables:
JAVA_HOME=/usr/lib/jvm/java-14-oracle
PATH=/home/orios/.cargo/bin:/home/orios/.cargo/bin:/home/orios/.cargo/bin:/home/orios/.rvm/gems/ruby-2.7.1/bin:/home/orios/.rvm/gems/ruby-2.7.1@global/bin:/home/orios/.rvm/rubies/ruby-2.7.1/bin:/usr/local/sbin:/usr/local/bin:/usr/sbin:/usr/bin:/sbin:/bin:/usr/games:/usr/local/games:/snap/bin:/usr/lib/jvm/java-14-oracle/bin:/usr/lib/jvm/java-14-oracle/db/bin:/home/orios/.rvm/bin:/usr/lib/jvm/java-14-oracle/bin:/usr/lib/jvm/java-14-oracle/db/bin:/home/orios/.rvm/bin:/home/orios/.rvm/bin
USERNAME=orios
SHELL=/bin/bash
DISPLAY=:1

Signal Handlers:
SIGSEGV: [libjvm.so+0xd315c0], sa_mask[0]=11111111011111111101111111111110, sa_flags=SA_RESTART|SA_SIGINFO
SIGBUS: [libjvm.so+0xd315c0], sa_mask[0]=11111111011111111101111111111110, sa_flags=SA_RESTART|SA_SIGINFO
SIGFPE: [libjvm.so+0xd315c0], sa_mask[0]=11111111011111111101111111111110, sa_flags=SA_RESTART|SA_SIGINFO
SIGPIPE: [libjvm.so+0xb1c1d0], sa_mask[0]=11111111011111111101111111111110, sa_flags=SA_RESTART|SA_SIGINFO
SIGXFSZ: [libjvm.so+0xb1c1d0], sa_mask[0]=11111111011111111101111111111110, sa_flags=SA_RESTART|SA_SIGINFO
SIGILL: [libjvm.so+0xd315c0], sa_mask[0]=11111111011111111101111111111110, sa_flags=SA_RESTART|SA_SIGINFO
SIGUSR2: [libjvm.so+0xb1c060], sa_mask[0]=00000000000000000000000000000000, sa_flags=SA_RESTART|SA_SIGINFO
SIGHUP: [libjvm.so+0xb1c7d0], sa_mask[0]=11111111011111111101111111111110, sa_flags=SA_RESTART|SA_SIGINFO
SIGINT: [libjvm.so+0xb1c7d0], sa_mask[0]=11111111011111111101111111111110, sa_flags=SA_RESTART|SA_SIGINFO
SIGTERM: [libjvm.so+0xb1c7d0], sa_mask[0]=11111111011111111101111111111110, sa_flags=SA_RESTART|SA_SIGINFO
SIGQUIT: [libjvm.so+0xb1c7d0], sa_mask[0]=11111111011111111101111111111110, sa_flags=SA_RESTART|SA_SIGINFO


---------------  S Y S T E M  ---------------

OS:DISTRIB_ID=Ubuntu
DISTRIB_RELEASE=20.04
DISTRIB_CODENAME=focal
DISTRIB_DESCRIPTION="Ubuntu 20.04 LTS"
uname:Linux 5.4.0-37-generic #41-Ubuntu SMP Wed Jun 3 18:57:02 UTC 2020 x86_64
OS uptime: 0 days 15:17 hours
libc:glibc 2.31 NPTL 2.31 
rlimit: STACK 8192k, CORE 0k, NPROC 30971, NOFILE 1048576, AS infinity, DATA infinity, FSIZE infinity
load average:3.02 2.15 1.52

/proc/meminfo:
MemTotal:        8051000 kB
MemFree:          145676 kB
MemAvailable:     485664 kB
Buffers:           61364 kB
Cached:          1060200 kB
SwapCached:         9176 kB
Active:          6120652 kB
Inactive:        1166288 kB
Active(anon):    5863316 kB
Inactive(anon):   914752 kB
Active(file):     257336 kB
Inactive(file):   251536 kB
Unevictable:         128 kB
Mlocked:             128 kB
SwapTotal:       2097148 kB
SwapFree:         587220 kB
Dirty:               844 kB
Writeback:             0 kB
AnonPages:       6157572 kB
Mapped:           996856 kB
Shmem:            618460 kB
KReclaimable:     100644 kB
Slab:             312188 kB
SReclaimable:     100644 kB
SUnreclaim:       211544 kB
KernelStack:       35472 kB
PageTables:        99672 kB
NFS_Unstable:          0 kB
Bounce:                0 kB
WritebackTmp:          0 kB
CommitLimit:     6122648 kB
Committed_AS:   25367928 kB
VmallocTotal:   34359738367 kB
VmallocUsed:       82560 kB
VmallocChunk:          0 kB
Percpu:             7904 kB
HardwareCorrupted:     0 kB
AnonHugePages:         0 kB
ShmemHugePages:        0 kB
ShmemPmdMapped:        0 kB
FileHugePages:         0 kB
FilePmdMapped:         0 kB
CmaTotal:              0 kB
CmaFree:               0 kB
HugePages_Total:       0
HugePages_Free:        0
HugePages_Rsvd:        0
HugePages_Surp:        0
Hugepagesize:       2048 kB
Hugetlb:               0 kB
DirectMap4k:      594672 kB
DirectMap2M:     7692288 kB
DirectMap1G:     1048576 kB


/proc/sys/kernel/threads-max (system-wide limit on the number of threads):
61943


/proc/sys/vm/max_map_count (maximum number of memory map areas a process may have):
65530


/proc/sys/kernel/pid_max (system-wide limit on number of process identifiers):
4194304



container (cgroup) information:
container_type: cgroupv1
cpu_cpuset_cpus: 0-5
cpu_memory_nodes: 0
active_processor_count: 6
cpu_quota: no quota
cpu_period: 100000
cpu_shares: no shares
memory_limit_in_bytes: unlimited
memory_and_swap_limit_in_bytes: not supported
memory_soft_limit_in_bytes: unlimited
memory_usage_in_bytes: 7426396160
memory_max_usage_in_bytes: 7486144512

Steal ticks since vm start: 0
Steal ticks percentage since vm start:  0.000

CPU:total 6 (initial active 6) (6 cores per cpu, 1 threads per core) family 21 model 2 stepping 0, cmov, cx8, fxsr, mmx, sse, sse2, sse3, ssse3, sse4.1, sse4.2, popcnt, avx, aes, clmul, mmxext, 3dnowpref, lzcnt, sse4a, tsc, tscinvbit, tscinv, bmi1, fma
CPU Model and flags from /proc/cpuinfo:
model name	: AMD FX(tm)-6300 Six-Core Processor
flags		: fpu vme de pse tsc msr pae mce cx8 apic sep mtrr pge mca cmov pat pse36 clflush mmx fxsr sse sse2 ht syscall nx mmxext fxsr_opt pdpe1gb rdtscp lm constant_tsc rep_good nopl nonstop_tsc cpuid extd_apicid aperfmperf pni pclmulqdq monitor ssse3 fma cx16 sse4_1 sse4_2 popcnt aes xsave avx f16c lahf_lm cmp_legacy svm extapic cr8_legacy abm sse4a misalignsse 3dnowprefetch osvw ibs xop skinit wdt fma4 tce nodeid_msr tbm topoext perfctr_core perfctr_nb cpb hw_pstate ssbd ibpb vmmcall bmi1 arat npt lbrv svm_lock nrip_save tsc_scale vmcb_clean flushbyasid decodeassists pausefilter pfthreshold

Memory: 4k page, physical 8051000k(145676k free), swap 2097148k(587220k free)

vm_info: Java HotSpot(TM) 64-Bit Server VM (14.0.1+7) for linux-amd64 JRE (14.0.1+7), built on Mar  5 2020 10:35:26 by "mach5one" with gcc 8.3.0

END.
